This file contains any messages produced by compilers while
running configure, to aid debugging if configure makes a mistake.

It was created by configure, which was
generated by GNU Autoconf 2.72.  Invocation command line was

  $ ./configure

## --------- ##
## Platform. ##
## --------- ##

hostname = Jeremys-MacBook-Pro.local
uname -m = x86_64
uname -r = 20.6.0
uname -s = Darwin
uname -v = Darwin Kernel Version 20.6.0: Thu Jul  6 22:12:47 PDT 2023; root:xnu-7195.141.49.702.12~1/RELEASE_X86_64

/usr/bin/uname -p = i386
/bin/uname -X     = unknown

/bin/arch              = unknown
/usr/bin/arch -k       = unknown
/usr/convex/getsysinfo = unknown
/usr/bin/hostinfo      = Mach kernel version:
	 Darwin Kernel Version 20.6.0: Thu Jul  6 22:12:47 PDT 2023; root:xnu-7195.141.49.702.12~1/RELEASE_X86_64
Kernel configured for up to 8 processors.
4 processors are physically available.
8 processors are logically available.
Processor type: x86_64h (Intel x86-64h Haswell)
Processors active: 0 1 2 3 4 5 6 7
Primary memory available: 8.00 gigabytes
Default processor set: 512 tasks, 1853 threads, 8 processors
Load average: 2.21, Mach factor: 5.78
/bin/machine           = unknown
/usr/bin/oslevel       = unknown
/bin/universe          = unknown

PATH: /usr/local/bin/
PATH: /usr/bin/
PATH: /bin/
PATH: /usr/sbin/
PATH: /sbin/
PATH: /Library/Apple/usr/bin/


## ----------- ##
## Core tests. ##
## ----------- ##

configure:2106: looking for aux files: compile missing install-sh
configure:2119:  trying ./
configure:2148:   ./compile found
configure:2148:   ./missing found
configure:2130:   ./install-sh found
configure:2279: checking for a BSD-compatible install
configure:2353: result: /usr/local/bin/install -c
configure:2364: checking whether sleep supports fractional seconds
configure:2380: result: yes
configure:2383: checking filesystem timestamp resolution
configure:2518: result: 2
configure:2523: checking whether build environment is sane
configure:2564: result: yes
configure:2735: checking for a race-free mkdir -p
configure:2778: result: mkdir -p
configure:2785: checking for gawk
configure:2821: result: no
configure:2785: checking for mawk
configure:2821: result: no
configure:2785: checking for nawk
configure:2821: result: no
configure:2785: checking for awk
configure:2806: found /usr/bin/awk
configure:2818: result: awk
configure:2829: checking whether make sets $(MAKE)
configure:2853: result: yes
configure:2879: checking whether make supports nested variables
configure:2898: result: yes
configure:2912: checking xargs -n works
configure:2928: result: yes
configure:3090: checking for gcc
configure:3111: found /usr/local/bin/gcc
configure:3123: result: gcc
configure:3482: checking for C compiler version
configure:3491: gcc --version >&5
Apple clang version 12.0.5 (clang-1205.0.22.11)
Target: x86_64-apple-darwin20.6.0
Thread model: posix
InstalledDir: /Applications/Xcode.app/Contents/Developer/Toolchains/XcodeDefault.xctoolchain/usr/bin
Configured with: --prefix=/Applications/Xcode.app/Contents/Developer/usr --with-gxx-include-dir=/Applications/Xcode.app/Contents/Developer/Platforms/MacOSX.platform/Developer/SDKs/MacOSX.sdk/usr/include/c++/4.2.1
configure:3502: $? = 0
configure:3491: gcc -v >&5
Configured with: --prefix=/Applications/Xcode.app/Contents/Developer/usr --with-gxx-include-dir=/Applications/Xcode.app/Contents/Developer/Platforms/MacOSX.platform/Developer/SDKs/MacOSX.sdk/usr/include/c++/4.2.1
Apple clang version 12.0.5 (clang-1205.0.22.11)
Target: x86_64-apple-darwin20.6.0
Thread model: posix
InstalledDir: /Applications/Xcode.app/Contents/Developer/Toolchains/XcodeDefault.xctoolchain/usr/bin
configure:3502: $? = 0
configure:3491: gcc -V >&5
clang: error: argument to '-V' is missing (expected 1 value)
clang: error: no input files
configure:3502: $? = 1
configure:3491: gcc -qversion >&5
clang: error: unknown argument '-qversion'; did you mean '--version'?
clang: error: no input files
configure:3502: $? = 1
configure:3491: gcc -version >&5
clang: error: unknown argument '-version'; did you mean '--version'?
clang: error: no input files
configure:3502: $? = 1
configure:3522: checking whether the C compiler works
configure:3544: gcc    conftest.c  >&5
configure:3548: $? = 0
configure:3599: result: yes
configure:3603: checking for C compiler default output file name
configure:3605: result: a.out
configure:3611: checking for suffix of executables
configure:3618: gcc -o conftest    conftest.c  >&5
configure:3622: $? = 0
configure:3646: result: 
configure:3670: checking whether we are cross compiling
configure:3678: gcc -o conftest    conftest.c  >&5
In file included from conftest.c:11:
/usr/local/include/stdio.h:67:13: warning: pointer is missing a nullability type specifier (_Nonnull, _Nullable, or _Null_unspecified) [-Wnullability-completeness]
extern FILE *__stdinp;
            ^
/usr/local/include/stdio.h:67:13: note: insert '_Nullable' if the pointer may be null
extern FILE *__stdinp;
            ^
              _Nullable 
/usr/local/include/stdio.h:67:13: note: insert '_Nonnull' if the pointer should never be null
extern FILE *__stdinp;
            ^
              _Nonnull 
/usr/local/include/stdio.h:378:41: warning: pointer is missing a nullability type specifier (_Nonnull, _Nullable, or _Null_unspecified) [-Wnullability-completeness]
                 int (* _Nullable)(void *, const char *, int),
                                        ^
/usr/local/include/stdio.h:378:41: note: insert '_Nullable' if the pointer may be null
                 int (* _Nullable)(void *, const char *, int),
                                        ^
                                         _Nullable
/usr/local/include/stdio.h:378:41: note: insert '_Nonnull' if the pointer should never be null
                 int (* _Nullable)(void *, const char *, int),
                                        ^
                                         _Nonnull
/usr/local/include/stdio.h:378:55: warning: pointer is missing a nullability type specifier (_Nonnull, _Nullable, or _Null_unspecified) [-Wnullability-completeness]
                 int (* _Nullable)(void *, const char *, int),
                                                      ^
/usr/local/include/stdio.h:378:55: note: insert '_Nullable' if the pointer may be null
                 int (* _Nullable)(void *, const char *, int),
                                                      ^
                                                       _Nullable
/usr/local/include/stdio.h:378:55: note: insert '_Nonnull' if the pointer should never be null
                 int (* _Nullable)(void *, const char *, int),
                                                      ^
                                                       _Nonnull
/usr/local/include/stdio.h:379:44: warning: pointer is missing a nullability type specifier (_Nonnull, _Nullable, or _Null_unspecified) [-Wnullability-completeness]
                 fpos_t (* _Nullable)(void *, fpos_t, int),
                                           ^
/usr/local/include/stdio.h:379:44: note: insert '_Nullable' if the pointer may be null
                 fpos_t (* _Nullable)(void *, fpos_t, int),
                                           ^
                                            _Nullable
/usr/local/include/stdio.h:379:44: note: insert '_Nonnull' if the pointer should never be null
                 fpos_t (* _Nullable)(void *, fpos_t, int),
                                           ^
                                            _Nonnull
/usr/local/include/stdio.h:380:41: warning: pointer is missing a nullability type specifier (_Nonnull, _Nullable, or _Null_unspecified) [-Wnullability-completeness]
                 int (* _Nullable)(void *));
                                        ^
/usr/local/include/stdio.h:380:41: note: insert '_Nullable' if the pointer may be null
                 int (* _Nullable)(void *));
                                        ^
                                         _Nullable
/usr/local/include/stdio.h:380:41: note: insert '_Nonnull' if the pointer should never be null
                 int (* _Nullable)(void *));
                                        ^
                                         _Nonnull
/usr/local/include/stdio.h:376:6: warning: pointer is missing a nullability type specifier (_Nonnull, _Nullable, or _Null_unspecified) [-Wnullability-completeness]
FILE    *funopen(const void *,
        ^
/usr/local/include/stdio.h:376:6: note: insert '_Nullable' if the pointer may be null
FILE    *funopen(const void *,
        ^
          _Nullable 
/usr/local/include/stdio.h:376:6: note: insert '_Nonnull' if the pointer should never be null
FILE    *funopen(const void *,
        ^
          _Nonnull 
6 warnings generated.
configure:3682: $? = 0
configure:3689: ./conftest
configure:3693: $? = 0
configure:3708: result: no
configure:3714: checking for suffix of object files
configure:3737: gcc -c   conftest.c >&5
configure:3741: $? = 0
configure:3765: result: o
configure:3769: checking whether the compiler supports GNU C
configure:3789: gcc -c   conftest.c >&5
configure:3789: $? = 0
configure:3801: result: yes
configure:3812: checking whether gcc accepts -g
configure:3833: gcc -c -g  conftest.c >&5
configure:3833: $? = 0
configure:3880: result: yes
configure:3900: checking for gcc option to enable C11 features
configure:3915: gcc  -c -g -O2  conftest.c >&5
configure:3915: $? = 0
configure:3934: result: none needed
configure:4058: checking whether gcc understands -c and -o together
configure:4081: gcc -c conftest.c -o conftest2.o
configure:4084: $? = 0
configure:4081: gcc -c conftest.c -o conftest2.o
configure:4084: $? = 0
configure:4097: result: yes
configure:4117: checking whether make supports the include directive
configure:4132: make -f confmf.GNU && cat confinc.out
this is the am__doit target
configure:4135: $? = 0
configure:4154: result: yes (GNU style)
configure:4180: checking dependency style of gcc
configure:4293: result: none

## ---------------- ##
## Cache variables. ##
## ---------------- ##

ac_cv_c_compiler_gnu=yes
ac_cv_env_CC_set=
ac_cv_env_CC_value=
ac_cv_env_CFLAGS_set=
ac_cv_env_CFLAGS_value=
ac_cv_env_CPPFLAGS_set=
ac_cv_env_CPPFLAGS_value=
ac_cv_env_LDFLAGS_set=
ac_cv_env_LDFLAGS_value=
ac_cv_env_LIBS_set=
ac_cv_env_LIBS_value=
ac_cv_env_build_alias_set=
ac_cv_env_build_alias_value=
ac_cv_env_host_alias_set=
ac_cv_env_host_alias_value=
ac_cv_env_target_alias_set=
ac_cv_env_target_alias_value=
ac_cv_objext=o
ac_cv_path_install='/usr/local/bin/install -c'
ac_cv_prog_AWK=awk
ac_cv_prog_ac_ct_CC=gcc
ac_cv_prog_cc_c11=
ac_cv_prog_cc_g=yes
ac_cv_prog_cc_stdc=
ac_cv_prog_make_make_set=yes
am_cv_CC_dependencies_compiler_type=none
am_cv_filesystem_timestamp_resolution=2
am_cv_make_support_nested_variables=yes
am_cv_prog_cc_c_o=yes
am_cv_sleep_fractional_seconds=yes
am_cv_xargs_n_works=yes

## ----------------- ##
## Output variables. ##
## ----------------- ##

ACLOCAL='${SHELL} '\''/Users/Beek/local/git/gettext.16/gettext-tools/examples/tmp-hello-c/missing'\'' aclocal-1.17'
AMDEPBACKSLASH='\'
AMDEP_FALSE='#'
AMDEP_TRUE=''
AMTAR='$${TAR-tar}'
AM_BACKSLASH='\'
AM_DEFAULT_V=''
AM_DEFAULT_VERBOSITY='1'
AM_V=''
AUTOCONF='${SHELL} '\''/Users/Beek/local/git/gettext.16/gettext-tools/examples/tmp-hello-c/missing'\'' autoconf'
AUTOHEADER='${SHELL} '\''/Users/Beek/local/git/gettext.16/gettext-tools/examples/tmp-hello-c/missing'\'' autoheader'
AUTOMAKE='${SHELL} '\''/Users/Beek/local/git/gettext.16/gettext-tools/examples/tmp-hello-c/missing'\'' automake-1.17'
AWK='awk'
CC='gcc'
CCDEPMODE='depmode=none'
CFLAGS='-g -O2'
CPPFLAGS=''
CSCOPE='cscope'
CTAGS='ctags'
CYGPATH_W='echo'
DEFS=''
DEPDIR='.deps'
ECHO_C='\c'
ECHO_N=''
ECHO_T=''
ETAGS='etags'
EXEEXT=''
INSTALL_DATA='${INSTALL} -m 644'
INSTALL_PROGRAM='${INSTALL}'
INSTALL_SCRIPT='${INSTALL}'
INSTALL_STRIP_PROGRAM='$(install_sh) -c -s'
LDFLAGS=''
LIBOBJS=''
LIBS=''
LTLIBOBJS=''
MAKEINFO='${SHELL} '\''/Users/Beek/local/git/gettext.16/gettext-tools/examples/tmp-hello-c/missing'\'' makeinfo'
MKDIR_P='mkdir -p'
OBJEXT='o'
PACKAGE='hello-c'
PACKAGE_BUGREPORT=''
PACKAGE_NAME=''
PACKAGE_STRING=''
PACKAGE_TARNAME=''
PACKAGE_URL=''
PACKAGE_VERSION=''
PATH_SEPARATOR=':'
SET_MAKE=''
SHELL='/bin/sh'
STRIP=''
VERSION='0'
ac_ct_CC='gcc'
am__EXEEXT_FALSE=''
am__EXEEXT_TRUE=''
am__fastdepCC_FALSE=''
am__fastdepCC_TRUE='#'
am__include='include'
am__isrc=''
am__leading_dot='.'
am__nodep='_no'
am__quote=''
am__rm_f_notfound=''
am__tar='$${TAR-tar} chof - "$$tardir"'
am__untar='$${TAR-tar} xf -'
am__xargs_n='xargs -n'
bindir='${exec_prefix}/bin'
build_alias=''
datadir='${datarootdir}'
datarootdir='${prefix}/share'
docdir='${datarootdir}/doc/${PACKAGE}'
dvidir='${docdir}'
exec_prefix='NONE'
host_alias=''
htmldir='${docdir}'
includedir='${prefix}/include'
infodir='${datarootdir}/info'
install_sh='${SHELL} /Users/Beek/local/git/gettext.16/gettext-tools/examples/tmp-hello-c/install-sh'
libdir='${exec_prefix}/lib'
libexecdir='${exec_prefix}/libexec'
localedir='${datarootdir}/locale'
localstatedir='${prefix}/var'
mandir='${datarootdir}/man'
mkdir_p='$(MKDIR_P)'
oldincludedir='/usr/include'
pdfdir='${docdir}'
prefix='NONE'
program_transform_name='s,x,x,'
psdir='${docdir}'
runstatedir='${localstatedir}/run'
sbindir='${exec_prefix}/sbin'
sharedstatedir='${prefix}/com'
sysconfdir='${prefix}/etc'
target_alias=''

## ----------- ##
## confdefs.h. ##
## ----------- ##

/* confdefs.h */
#define PACKAGE_NAME ""
#define PACKAGE_TARNAME ""
#define PACKAGE_VERSION ""
#define PACKAGE_STRING ""
#define PACKAGE_BUGREPORT ""
#define PACKAGE_URL ""
#define PACKAGE "hello-c"
#define VERSION "0"

configure: exit 258
