This file contains any messages produced by compilers while
running configure, to aid debugging if configure makes a mistake.

It was created by configure, which was
generated by GNU Autoconf 2.60.  Invocation command line was

  $ ../configure LDFLAGS=-Wl -undefined dynamic_lookup

## --------- ##
## Platform. ##
## --------- ##

hostname = Jeremys-MacBook-Pro.local
uname -m = x86_64
uname -r = 20.6.0
uname -s = Darwin
uname -v = Darwin Kernel Version 20.6.0: Thu Jul  6 22:12:47 PDT 2023; root:xnu-7195.141.49.702.12~1/RELEASE_X86_64

/usr/bin/uname -p = i386
/bin/uname -X     = unknown

/bin/arch              = unknown
/usr/bin/arch -k       = unknown
/usr/convex/getsysinfo = unknown
/usr/bin/hostinfo      = Mach kernel version:
	 Darwin Kernel Version 20.6.0: Thu Jul  6 22:12:47 PDT 2023; root:xnu-7195.141.49.702.12~1/RELEASE_X86_64
Kernel configured for up to 8 processors.
4 processors are physically available.
8 processors are logically available.
Processor type: x86_64h (Intel x86-64h Haswell)
Processors active: 0 1 2 3 4 5 6 7
Primary memory available: 8.00 gigabytes
Default processor set: 555 tasks, 1706 threads, 8 processors
Load average: 2.02, Mach factor: 5.97
/bin/machine           = unknown
/usr/bin/oslevel       = unknown
/bin/universe          = unknown

PATH: /usr/local/bin
PATH: /usr/bin
PATH: /bin
PATH: /usr/sbin
PATH: /sbin
PATH: /Library/Apple/usr/bin


## ----------- ##
## Core tests. ##
## ----------- ##

configure:1784: checking for a BSD-compatible install
configure:1840: result: /usr/local/bin/install -c
configure:1851: checking whether build environment is sane
configure:1894: result: yes
configure:1922: checking for a thread-safe mkdir -p
configure:1961: result: ../build-aux/install-sh -c -d
configure:1974: checking for gawk
configure:2004: result: no
configure:1974: checking for mawk
configure:2004: result: no
configure:1974: checking for nawk
configure:2004: result: no
configure:1974: checking for awk
configure:1990: found /usr/bin/awk
configure:2001: result: awk
configure:2012: checking whether make sets $(MAKE)
configure:2033: result: yes
configure:2236: checking build system type
configure:2254: result: i386-apple-darwin20.6.0
configure:2276: checking host system type
configure:2291: result: i386-apple-darwin20.6.0
configure:2856: creating ./config.status

## ---------------------- ##
## Running config.status. ##
## ---------------------- ##

This file was extended by config.status, which was
generated by GNU Autoconf 2.60.  Invocation command line was

  CONFIG_FILES    = 
  CONFIG_HEADERS  = 
  CONFIG_LINKS    = 
  CONFIG_COMMANDS = 
  $ ./config.status 

on Jeremys-MacBook-Pro.local

config.status:601: creating Makefile
config.status:601: creating gnulib-local/Makefile
configure:3828: === configuring in autoconf-lib-link (/Users/Beek/local/gettext-0.16-build/build/autoconf-lib-link)
configure:3931: running /bin/sh ../../autoconf-lib-link/configure --prefix=/usr/local  'LDFLAGS=-Wl -undefined dynamic_lookup' 'CFLAGS=-std=gnu99 ' --cache-file=/dev/null --srcdir=../../autoconf-lib-link
configure:3828: === configuring in gettext-runtime (/Users/Beek/local/gettext-0.16-build/build/gettext-runtime)
configure:3931: running /bin/sh ../../gettext-runtime/configure --prefix=/usr/local  'LDFLAGS=-Wl -undefined dynamic_lookup' 'CFLAGS=-std=gnu99 ' --cache-file=/dev/null --srcdir=../../gettext-runtime
configure:3828: === configuring in gettext-tools (/Users/Beek/local/gettext-0.16-build/build/gettext-tools)
configure:3931: running /bin/sh ../../gettext-tools/configure --prefix=/usr/local  'LDFLAGS=-Wl -undefined dynamic_lookup' 'CFLAGS=-std=gnu99 ' --cache-file=/dev/null --srcdir=../../gettext-tools

## ---------------- ##
## Cache variables. ##
## ---------------- ##

ac_cv_build=i386-apple-darwin20.6.0
ac_cv_env_CC_set=
ac_cv_env_CC_value=
ac_cv_env_CFLAGS_set=set
ac_cv_env_CFLAGS_value='-std=gnu99 '
ac_cv_env_CPPFLAGS_set=
ac_cv_env_CPPFLAGS_value=
ac_cv_env_CPP_set=
ac_cv_env_CPP_value=
ac_cv_env_CXXCPP_set=
ac_cv_env_CXXCPP_value=
ac_cv_env_CXXFLAGS_set=
ac_cv_env_CXXFLAGS_value=
ac_cv_env_CXX_set=
ac_cv_env_CXX_value=
ac_cv_env_EMACSLOADPATH_set=
ac_cv_env_EMACSLOADPATH_value=
ac_cv_env_EMACS_set=
ac_cv_env_EMACS_value=
ac_cv_env_F77_set=
ac_cv_env_F77_value=
ac_cv_env_FFLAGS_set=
ac_cv_env_FFLAGS_value=
ac_cv_env_GCJFLAGS_set=
ac_cv_env_GCJFLAGS_value=
ac_cv_env_GCJ_set=
ac_cv_env_GCJ_value=
ac_cv_env_LDFLAGS_set=set
ac_cv_env_LDFLAGS_value='-Wl -undefined dynamic_lookup'
ac_cv_env_YACC_set=
ac_cv_env_YACC_value=
ac_cv_env_YFLAGS_set=
ac_cv_env_YFLAGS_value=
ac_cv_env_build_alias_set=
ac_cv_env_build_alias_value=
ac_cv_env_host_alias_set=
ac_cv_env_host_alias_value=
ac_cv_env_target_alias_set=
ac_cv_env_target_alias_value=
ac_cv_host=i386-apple-darwin20.6.0
ac_cv_path_install='/usr/local/bin/install -c'
ac_cv_prog_AWK=awk
ac_cv_prog_make_make_set=yes

## ----------------- ##
## Output variables. ##
## ----------------- ##

ACLOCAL='${SHELL} /Users/Beek/local/gettext-0.16-build/build-aux/missing --run aclocal-1.10'
AMTAR='${SHELL} /Users/Beek/local/gettext-0.16-build/build-aux/missing --run tar'
AUTOCONF='${SHELL} /Users/Beek/local/gettext-0.16-build/build-aux/missing --run autoconf'
AUTOHEADER='${SHELL} /Users/Beek/local/gettext-0.16-build/build-aux/missing --run autoheader'
AUTOMAKE='${SHELL} /Users/Beek/local/gettext-0.16-build/build-aux/missing --run automake-1.10'
AWK='awk'
CC=''
CFLAGS='-std=gnu99 '
CPP=''
CPPFLAGS=''
CXX=''
CXXCPP=''
CXXFLAGS=''
CYGPATH_W='echo'
DEFS='-DPACKAGE_NAME=\"\" -DPACKAGE_TARNAME=\"\" -DPACKAGE_VERSION=\"\" -DPACKAGE_STRING=\"\" -DPACKAGE_BUGREPORT=\"\" -DPACKAGE=\"gettext\" -DVERSION=\"0.16\"'
ECHO_C='ECHO_N=''
ECHO_T=''
EMACS=''
EMACSLOADPATH=''
F77=''
FFLAGS=''
GCJ=''
GCJFLAGS=''
INSTALL_DATA='${INSTALL} -m 644'
INSTALL_PROGRAM='${INSTALL}'
INSTALL_SCRIPT='${INSTALL}'
INSTALL_STRIP_PROGRAM='$(install_sh) -c -s'
LDFLAGS='-Wl -undefined dynamic_lookup'
LIBOBJS=''
LIBS=''
LTLIBOBJS=''
MAKEINFO='${SHELL} /Users/Beek/local/gettext-0.16-build/build-aux/missing --run makeinfo'
PACKAGE='gettext'
PACKAGE_BUGREPORT=''
PACKAGE_NAME=''
PACKAGE_STRING=''
PACKAGE_TARNAME=''
PACKAGE_VERSION=''
PATH_SEPARATOR=':'
SET_MAKE=''
SHELL='/bin/sh'
STRIP=''
VERSION='0.16'
YACC=''
YFLAGS=''
am__isrc=' -I$(srcdir)'
am__leading_dot='.'
am__tar='${AMTAR} chof - "$$tardir"'
am__untar='${AMTAR} xf -'
bindir='${exec_prefix}/bin'
build='i386-apple-darwin20.6.0'
build_alias=''
build_cpu='i386'
build_os='darwin20.6.0'
build_vendor='apple'
datadir='${datarootdir}'
datarootdir='${prefix}/share'
docdir='${datarootdir}/doc/${PACKAGE}'
dvidir='${docdir}'
exec_prefix='${prefix}'
host='i386-apple-darwin20.6.0'
host_alias=''
host_cpu='i386'
host_os='darwin20.6.0'
host_vendor='apple'
htmldir='${docdir}'
includedir='${prefix}/include'
infodir='${datarootdir}/info'
install_sh='$(SHELL) /Users/Beek/local/gettext-0.16-build/build-aux/install-sh'
libdir='${exec_prefix}/lib'
libexecdir='${exec_prefix}/libexec'
localedir='${datarootdir}/locale'
localstatedir='${prefix}/var'
mandir='${datarootdir}/man'
mkdir_p='$(top_builddir)/../build-aux/install-sh -c -d'
oldincludedir='/usr/include'
pdfdir='${docdir}'
prefix='/usr/local'
program_transform_name='s,x,x,'
psdir='${docdir}'
sbindir='${exec_prefix}/sbin'
sharedstatedir='${prefix}/com'
subdirs=' autoconf-lib-link gettext-runtime gettext-tools'
sysconfdir='${prefix}/etc'
target_alias=''

## ----------- ##
## confdefs.h. ##
## ----------- ##

#define PACKAGE_NAME ""
#define PACKAGE_TARNAME ""
#define PACKAGE_VERSION ""
#define PACKAGE_STRING ""
#define PACKAGE_BUGREPORT ""
#define PACKAGE "gettext"
#define VERSION "0.16"

configure: exit 0
