This file contains any messages produced by compilers while
running configure, to aid debugging if configure makes a mistake.

It was created by configure, which was
generated by GNU Autoconf 2.60.  Invocation command line was

  $ ../../../gettext-tools/examples/configure --prefix=/usr/local LDFLAGS=-Wl -undefined dynamic_lookup CFLAGS=-std=gnu99  --cache-file=/dev/null --srcdir=../../../gettext-tools/examples

## --------- ##
## Platform. ##
## --------- ##

hostname = Jeremys-MacBook-Pro.local
uname -m = x86_64
uname -r = 20.6.0
uname -s = Darwin
uname -v = Darwin Kernel Version 20.6.0: Thu Jul  6 22:12:47 PDT 2023; root:xnu-7195.141.49.702.12~1/RELEASE_X86_64

/usr/bin/uname -p = i386
/bin/uname -X     = unknown

/bin/arch              = unknown
/usr/bin/arch -k       = unknown
/usr/convex/getsysinfo = unknown
/usr/bin/hostinfo      = Mach kernel version:
	 Darwin Kernel Version 20.6.0: Thu Jul  6 22:12:47 PDT 2023; root:xnu-7195.141.49.702.12~1/RELEASE_X86_64
Kernel configured for up to 8 processors.
4 processors are physically available.
8 processors are logically available.
Processor type: x86_64h (Intel x86-64h Haswell)
Processors active: 0 1 2 3 4 5 6 7
Primary memory available: 8.00 gigabytes
Default processor set: 558 tasks, 1769 threads, 8 processors
Load average: 2.86, Mach factor: 5.13
/bin/machine           = unknown
/usr/bin/oslevel       = unknown
/bin/universe          = unknown

PATH: /usr/local/bin
PATH: /usr/bin
PATH: /bin
PATH: /usr/sbin
PATH: /sbin
PATH: /Library/Apple/usr/bin


## ----------- ##
## Core tests. ##
## ----------- ##

configure:1681: checking for a BSD-compatible install
configure:1737: result: /usr/local/bin/install -c
configure:1748: checking whether build environment is sane
configure:1791: result: yes
configure:1819: checking for a thread-safe mkdir -p
configure:1858: result: ../../../gettext-tools/examples/../../build-aux/install-sh -c -d
configure:1871: checking for gawk
configure:1901: result: no
configure:1871: checking for mawk
configure:1901: result: no
configure:1871: checking for nawk
configure:1901: result: no
configure:1871: checking for awk
configure:1887: found /usr/bin/awk
configure:1898: result: awk
configure:1909: checking whether make sets $(MAKE)
configure:1930: result: yes
configure:2122: checking whether NLS is requested
configure:2131: result: yes
configure:2169: checking for msgfmt
configure:2204: result: no
configure:2210: checking for gmsgfmt
configure:2241: result: :
configure:2292: checking for xgettext
configure:2327: result: no
configure:2370: checking for msgmerge
configure:2404: result: no
configure:2556: creating ./config.status

## ---------------------- ##
## Running config.status. ##
## ---------------------- ##

This file was extended by config.status, which was
generated by GNU Autoconf 2.60.  Invocation command line was

  CONFIG_FILES    = 
  CONFIG_HEADERS  = 
  CONFIG_LINKS    = 
  CONFIG_COMMANDS = 
  $ ./config.status 

on Jeremys-MacBook-Pro.local

config.status:603: creating Makefile
config.status:603: creating installpaths
config.status:603: creating po/Makefile
config.status:787: executing po-directories commands

## ---------------- ##
## Cache variables. ##
## ---------------- ##

ac_cv_env_build_alias_set=
ac_cv_env_build_alias_value=
ac_cv_env_host_alias_set=
ac_cv_env_host_alias_value=
ac_cv_env_target_alias_set=
ac_cv_env_target_alias_value=
ac_cv_path_GMSGFMT=:
ac_cv_path_MSGFMT=:
ac_cv_path_MSGMERGE=:
ac_cv_path_XGETTEXT=:
ac_cv_path_install='/usr/local/bin/install -c'
ac_cv_prog_AWK=awk
ac_cv_prog_make_make_set=yes

## ----------------- ##
## Output variables. ##
## ----------------- ##

ACLOCAL='${SHELL} /Users/Beek/local/gettext-0.16-build/build-aux/missing --run aclocal-1.10'
AMTAR='${SHELL} /Users/Beek/local/gettext-0.16-build/build-aux/missing --run tar'
AUTOCONF='${SHELL} /Users/Beek/local/gettext-0.16-build/build-aux/missing --run autoconf'
AUTOHEADER='${SHELL} /Users/Beek/local/gettext-0.16-build/build-aux/missing --run autoheader'
AUTOMAKE='${SHELL} /Users/Beek/local/gettext-0.16-build/build-aux/missing --run automake-1.10'
AWK='awk'
CYGPATH_W='echo'
DEFS='-DPACKAGE_NAME=\"\" -DPACKAGE_TARNAME=\"\" -DPACKAGE_VERSION=\"\" -DPACKAGE_STRING=\"\" -DPACKAGE_BUGREPORT=\"\" -DPACKAGE=\"gettext-examples\" -DVERSION=\"0.16\"'
ECHO_C='ECHO_N=''
ECHO_T=''
GMSGFMT=':'
GMSGFMT_015=':'
INSTALL_DATA='${INSTALL} -m 644'
INSTALL_PROGRAM='${INSTALL}'
INSTALL_SCRIPT='${INSTALL}'
INSTALL_STRIP_PROGRAM='$(install_sh) -c -s'
LIBOBJS=''
LIBS=''
LTLIBOBJS=''
MAKEINFO='${SHELL} /Users/Beek/local/gettext-0.16-build/build-aux/missing --run makeinfo'
MSGFMT=':'
MSGFMT_015=':'
MSGMERGE=':'
PACKAGE='gettext-examples'
PACKAGE_BUGREPORT=''
PACKAGE_NAME=''
PACKAGE_STRING=''
PACKAGE_TARNAME=''
PACKAGE_VERSION=''
PATH_SEPARATOR=':'
SET_MAKE=''
SHELL='/bin/sh'
STRIP=''
USE_NLS='yes'
VERSION='0.16'
XGETTEXT=':'
XGETTEXT_015=':'
aclocaldir='${datadir}/aclocal'
am__isrc=' -I$(srcdir)'
am__leading_dot='.'
am__tar='${AMTAR} chof - "$$tardir"'
am__untar='${AMTAR} xf -'
bindir='${exec_prefix}/bin'
build_alias=''
datadir='${datarootdir}'
datarootdir='${prefix}/share'
docdir='${datarootdir}/doc/gettext'
dvidir='${docdir}'
exec_prefix='${prefix}'
host_alias=''
htmldir='${docdir}'
includedir='${prefix}/include'
infodir='${datarootdir}/info'
install_sh='$(SHELL) /Users/Beek/local/gettext-0.16-build/build-aux/install-sh'
libdir='${exec_prefix}/lib'
libexecdir='${exec_prefix}/libexec'
localedir='${datarootdir}/locale'
localstatedir='${prefix}/var'
mandir='${datarootdir}/man'
mkdir_p='$(top_builddir)/../../../gettext-tools/examples/../../build-aux/install-sh -c -d'
oldincludedir='/usr/include'
pdfdir='${docdir}'
prefix='/usr/local'
program_transform_name='s,x,x,'
psdir='${docdir}'
sbindir='${exec_prefix}/sbin'
sharedstatedir='${prefix}/com'
sysconfdir='${prefix}/etc'
target_alias=''

## ----------- ##
## confdefs.h. ##
## ----------- ##

#define PACKAGE_NAME ""
#define PACKAGE_TARNAME ""
#define PACKAGE_VERSION ""
#define PACKAGE_STRING ""
#define PACKAGE_BUGREPORT ""
#define PACKAGE "gettext-examples"
#define VERSION "0.16"

configure: exit 0
