This file contains any messages produced by compilers while
running configure, to aid debugging if configure makes a mistake.

It was created by configure, which was
generated by GNU Autoconf 2.60.  Invocation command line was

  $ ../../autoconf-lib-link/configure --prefix=/usr/local CCPFLAGS= --include=/fix_macros.h --cache-file=/dev/null --srcdir=../../autoconf-lib-link

## --------- ##
## Platform. ##
## --------- ##

hostname = Jeremys-MacBook-Pro.local
uname -m = x86_64
uname -r = 20.6.0
uname -s = Darwin
uname -v = Darwin Kernel Version 20.6.0: Thu Jul  6 22:12:47 PDT 2023; root:xnu-7195.141.49.702.12~1/RELEASE_X86_64

/usr/bin/uname -p = i386
/bin/uname -X     = unknown

/bin/arch              = unknown
/usr/bin/arch -k       = unknown
/usr/convex/getsysinfo = unknown
/usr/bin/hostinfo      = Mach kernel version:
	 Darwin Kernel Version 20.6.0: Thu Jul  6 22:12:47 PDT 2023; root:xnu-7195.141.49.702.12~1/RELEASE_X86_64
Kernel configured for up to 8 processors.
4 processors are physically available.
8 processors are logically available.
Processor type: x86_64h (Intel x86-64h Haswell)
Processors active: 0 1 2 3 4 5 6 7
Primary memory available: 8.00 gigabytes
Default processor set: 526 tasks, 1886 threads, 8 processors
Load average: 2.32, Mach factor: 5.67
/bin/machine           = unknown
/usr/bin/oslevel       = unknown
/bin/universe          = unknown

PATH: /usr/local/bin
PATH: /usr/bin
PATH: /bin
PATH: /usr/sbin
PATH: /sbin
PATH: /Library/Apple/usr/bin


## ----------- ##
## Core tests. ##
## ----------- ##

configure:1958: checking for a BSD-compatible install
configure:2014: result: /usr/local/bin/install -c
configure:2025: checking whether build environment is sane
configure:2068: result: yes
configure:2096: checking for a thread-safe mkdir -p
configure:2135: result: ../../autoconf-lib-link/../build-aux/install-sh -c -d
configure:2148: checking for gawk
configure:2178: result: no
configure:2148: checking for mawk
configure:2178: result: no
configure:2148: checking for nawk
configure:2178: result: no
configure:2148: checking for awk
configure:2164: found /usr/bin/awk
configure:2175: result: awk
configure:2186: checking whether make sets $(MAKE)
configure:2207: result: yes
configure:2444: checking for gcc
configure:2460: found /usr/local/bin/gcc
configure:2471: result: gcc
configure:2709: checking for C compiler version
configure:2716: gcc --version >&5
Configured with: --prefix=/Applications/Xcode.app/Contents/Developer/usr --with-gxx-include-dir=/Applications/Xcode.app/Contents/Developer/Platforms/MacOSX.platform/Developer/SDKs/MacOSX.sdk/usr/include/c++/4.2.1
Apple clang version 12.0.5 (clang-1205.0.22.11)
Target: x86_64-apple-darwin20.6.0
Thread model: posix
InstalledDir: /Applications/Xcode.app/Contents/Developer/Toolchains/XcodeDefault.xctoolchain/usr/bin
configure:2719: $? = 0
configure:2726: gcc -v >&5
Configured with: --prefix=/Applications/Xcode.app/Contents/Developer/usr --with-gxx-include-dir=/Applications/Xcode.app/Contents/Developer/Platforms/MacOSX.platform/Developer/SDKs/MacOSX.sdk/usr/include/c++/4.2.1
Apple clang version 12.0.5 (clang-1205.0.22.11)
Target: x86_64-apple-darwin20.6.0
Thread model: posix
InstalledDir: /Applications/Xcode.app/Contents/Developer/Toolchains/XcodeDefault.xctoolchain/usr/bin
configure:2729: $? = 0
configure:2736: gcc -V >&5
clang: error: argument to '-V' is missing (expected 1 value)
clang: error: no input files
configure:2739: $? = 1
configure:2762: checking for C compiler default output file name
configure:2789: gcc    conftest.c  >&5
configure:2792: $? = 0
configure:2838: result: a.out
configure:2843: checking whether the C compiler works
configure:2853: ./a.out
configure:2856: $? = 0
configure:2873: result: yes
configure:2880: checking whether we are cross compiling
configure:2882: result: no
configure:2885: checking for suffix of executables
configure:2892: gcc -o conftest    conftest.c  >&5
configure:2895: $? = 0
configure:2919: result: 
configure:2925: checking for suffix of object files
configure:2951: gcc -c   conftest.c >&5
configure:2954: $? = 0
configure:2977: result: o
configure:2981: checking whether we are using the GNU C compiler
configure:3010: gcc -c   conftest.c >&5
configure:3016: $? = 0
configure:3023: test -z "$ac_c_werror_flag" || test ! -s conftest.err
configure:3026: $? = 0
configure:3033: test -s conftest.o
configure:3036: $? = 0
configure:3050: result: yes
configure:3055: checking whether gcc accepts -g
configure:3085: gcc -c -g  conftest.c >&5
configure:3091: $? = 0
configure:3098: test -z "$ac_c_werror_flag" || test ! -s conftest.err
configure:3101: $? = 0
configure:3108: test -s conftest.o
configure:3111: $? = 0
configure:3241: result: yes
configure:3258: checking for gcc option to accept ISO C89
configure:3332: gcc  -c -g -O2  conftest.c >&5
In file included from conftest.c:11:
/usr/local/include/stdio.h:67:13: warning: pointer is missing a nullability type specifier (_Nonnull, _Nullable, or _Null_unspecified) [-Wnullability-completeness]
extern FILE *__stdinp;
            ^
/usr/local/include/stdio.h:67:13: note: insert '_Nullable' if the pointer may be null
extern FILE *__stdinp;
            ^
              _Nullable 
/usr/local/include/stdio.h:67:13: note: insert '_Nonnull' if the pointer should never be null
extern FILE *__stdinp;
            ^
              _Nonnull 
/usr/local/include/stdio.h:378:41: warning: pointer is missing a nullability type specifier (_Nonnull, _Nullable, or _Null_unspecified) [-Wnullability-completeness]
                 int (* _Nullable)(void *, const char *, int),
                                        ^
/usr/local/include/stdio.h:378:41: note: insert '_Nullable' if the pointer may be null
                 int (* _Nullable)(void *, const char *, int),
                                        ^
                                         _Nullable
/usr/local/include/stdio.h:378:41: note: insert '_Nonnull' if the pointer should never be null
                 int (* _Nullable)(void *, const char *, int),
                                        ^
                                         _Nonnull
/usr/local/include/stdio.h:378:55: warning: pointer is missing a nullability type specifier (_Nonnull, _Nullable, or _Null_unspecified) [-Wnullability-completeness]
                 int (* _Nullable)(void *, const char *, int),
                                                      ^
/usr/local/include/stdio.h:378:55: note: insert '_Nullable' if the pointer may be null
                 int (* _Nullable)(void *, const char *, int),
                                                      ^
                                                       _Nullable
/usr/local/include/stdio.h:378:55: note: insert '_Nonnull' if the pointer should never be null
                 int (* _Nullable)(void *, const char *, int),
                                                      ^
                                                       _Nonnull
/usr/local/include/stdio.h:379:44: warning: pointer is missing a nullability type specifier (_Nonnull, _Nullable, or _Null_unspecified) [-Wnullability-completeness]
                 fpos_t (* _Nullable)(void *, fpos_t, int),
                                           ^
/usr/local/include/stdio.h:379:44: note: insert '_Nullable' if the pointer may be null
                 fpos_t (* _Nullable)(void *, fpos_t, int),
                                           ^
                                            _Nullable
/usr/local/include/stdio.h:379:44: note: insert '_Nonnull' if the pointer should never be null
                 fpos_t (* _Nullable)(void *, fpos_t, int),
                                           ^
                                            _Nonnull
/usr/local/include/stdio.h:380:41: warning: pointer is missing a nullability type specifier (_Nonnull, _Nullable, or _Null_unspecified) [-Wnullability-completeness]
                 int (* _Nullable)(void *));
                                        ^
/usr/local/include/stdio.h:380:41: note: insert '_Nullable' if the pointer may be null
                 int (* _Nullable)(void *));
                                        ^
                                         _Nullable
/usr/local/include/stdio.h:380:41: note: insert '_Nonnull' if the pointer should never be null
                 int (* _Nullable)(void *));
                                        ^
                                         _Nonnull
/usr/local/include/stdio.h:376:6: warning: pointer is missing a nullability type specifier (_Nonnull, _Nullable, or _Null_unspecified) [-Wnullability-completeness]
FILE    *funopen(const void *,
        ^
/usr/local/include/stdio.h:376:6: note: insert '_Nullable' if the pointer may be null
FILE    *funopen(const void *,
        ^
          _Nullable 
/usr/local/include/stdio.h:376:6: note: insert '_Nonnull' if the pointer should never be null
FILE    *funopen(const void *,
        ^
          _Nonnull 
6 warnings generated.
configure:3338: $? = 0
configure:3345: test -z "$ac_c_werror_flag" || test ! -s conftest.err
configure:3348: $? = 0
configure:3355: test -s conftest.o
configure:3358: $? = 0
configure:3378: result: none needed
configure:3407: checking for style of include used by make
configure:3435: result: GNU
configure:3460: checking dependency style of gcc
configure:3551: result: none
configure:3579: checking for a BSD-compatible install
configure:3635: result: /usr/local/bin/install -c
configure:3653: checking build system type
configure:3671: result: i386-apple-darwin20.6.0
configure:3693: checking host system type
configure:3708: result: i386-apple-darwin20.6.0
configure:3892: checking for a sed that does not truncate output
configure:3946: result: /usr/bin/sed
configure:3949: checking for grep that handles long lines and -e
configure:4023: result: /usr/bin/grep
configure:4028: checking for egrep
configure:4106: result: /usr/bin/grep -E
configure:4122: checking for ld used by gcc
configure:4189: result: /Applications/Xcode.app/Contents/Developer/Toolchains/XcodeDefault.xctoolchain/usr/bin/ld
configure:4198: checking if the linker (/Applications/Xcode.app/Contents/Developer/Toolchains/XcodeDefault.xctoolchain/usr/bin/ld) is GNU ld
configure:4213: result: no
configure:4218: checking for /Applications/Xcode.app/Contents/Developer/Toolchains/XcodeDefault.xctoolchain/usr/bin/ld option to reload object files
configure:4225: result: -r
configure:4243: checking for BSD-compatible nm
configure:4292: result: /usr/local/bin/nm -B
configure:4296: checking whether ln -s works
configure:4300: result: yes
configure:4307: checking how to recognise dependent libraries
configure:4483: result: pass_all
configure:5020: checking how to run the C preprocessor
configure:5060: gcc -E  conftest.c
configure:5066: $? = 0
configure:5104: gcc -E  conftest.c
conftest.c:10:10: fatal error: 'ac_nonexistent.h' file not found
#include <ac_nonexistent.h>
         ^~~~~~~~~~~~~~~~~~
1 error generated.
configure:5110: $? = 1
configure: failed program was:
| /* confdefs.h.  */
| #define PACKAGE_NAME ""
| #define PACKAGE_TARNAME ""
| #define PACKAGE_VERSION ""
| #define PACKAGE_STRING ""
| #define PACKAGE_BUGREPORT ""
| #define PACKAGE "autoconf-lib-link"
| #define VERSION "0.16"
| /* end confdefs.h.  */
| #include <ac_nonexistent.h>
configure:5150: result: gcc -E
configure:5179: gcc -E  conftest.c
configure:5185: $? = 0
configure:5223: gcc -E  conftest.c
conftest.c:10:10: fatal error: 'ac_nonexistent.h' file not found
#include <ac_nonexistent.h>
         ^~~~~~~~~~~~~~~~~~
1 error generated.
configure:5229: $? = 1
configure: failed program was:
| /* confdefs.h.  */
| #define PACKAGE_NAME ""
| #define PACKAGE_TARNAME ""
| #define PACKAGE_VERSION ""
| #define PACKAGE_STRING ""
| #define PACKAGE_BUGREPORT ""
| #define PACKAGE "autoconf-lib-link"
| #define VERSION "0.16"
| /* end confdefs.h.  */
| #include <ac_nonexistent.h>
configure:5274: checking for ANSI C header files
configure:5304: gcc -c -g -O2  conftest.c >&5
configure:5310: $? = 0
configure:5317: test -z "$ac_c_werror_flag" || test ! -s conftest.err
configure:5320: $? = 0
configure:5327: test -s conftest.o
configure:5330: $? = 0
configure:5455: result: no
configure:5479: checking for sys/types.h
configure:5500: gcc -c -g -O2  conftest.c >&5
In file included from conftest.c:10:
/usr/local/include/stdio.h:67:13: warning: pointer is missing a nullability type specifier (_Nonnull, _Nullable, or _Null_unspecified) [-Wnullability-completeness]
extern FILE *__stdinp;
            ^
/usr/local/include/stdio.h:67:13: note: insert '_Nullable' if the pointer may be null
extern FILE *__stdinp;
            ^
              _Nullable 
/usr/local/include/stdio.h:67:13: note: insert '_Nonnull' if the pointer should never be null
extern FILE *__stdinp;
            ^
              _Nonnull 
/usr/local/include/stdio.h:378:41: warning: pointer is missing a nullability type specifier (_Nonnull, _Nullable, or _Null_unspecified) [-Wnullability-completeness]
                 int (* _Nullable)(void *, const char *, int),
                                        ^
/usr/local/include/stdio.h:378:41: note: insert '_Nullable' if the pointer may be null
                 int (* _Nullable)(void *, const char *, int),
                                        ^
                                         _Nullable
/usr/local/include/stdio.h:378:41: note: insert '_Nonnull' if the pointer should never be null
                 int (* _Nullable)(void *, const char *, int),
                                        ^
                                         _Nonnull
/usr/local/include/stdio.h:378:55: warning: pointer is missing a nullability type specifier (_Nonnull, _Nullable, or _Null_unspecified) [-Wnullability-completeness]
                 int (* _Nullable)(void *, const char *, int),
                                                      ^
/usr/local/include/stdio.h:378:55: note: insert '_Nullable' if the pointer may be null
                 int (* _Nullable)(void *, const char *, int),
                                                      ^
                                                       _Nullable
/usr/local/include/stdio.h:378:55: note: insert '_Nonnull' if the pointer should never be null
                 int (* _Nullable)(void *, const char *, int),
                                                      ^
                                                       _Nonnull
/usr/local/include/stdio.h:379:44: warning: pointer is missing a nullability type specifier (_Nonnull, _Nullable, or _Null_unspecified) [-Wnullability-completeness]
                 fpos_t (* _Nullable)(void *, fpos_t, int),
                                           ^
/usr/local/include/stdio.h:379:44: note: insert '_Nullable' if the pointer may be null
                 fpos_t (* _Nullable)(void *, fpos_t, int),
                                           ^
                                            _Nullable
/usr/local/include/stdio.h:379:44: note: insert '_Nonnull' if the pointer should never be null
                 fpos_t (* _Nullable)(void *, fpos_t, int),
                                           ^
                                            _Nonnull
/usr/local/include/stdio.h:380:41: warning: pointer is missing a nullability type specifier (_Nonnull, _Nullable, or _Null_unspecified) [-Wnullability-completeness]
                 int (* _Nullable)(void *));
                                        ^
/usr/local/include/stdio.h:380:41: note: insert '_Nullable' if the pointer may be null
                 int (* _Nullable)(void *));
                                        ^
                                         _Nullable
/usr/local/include/stdio.h:380:41: note: insert '_Nonnull' if the pointer should never be null
                 int (* _Nullable)(void *));
                                        ^
                                         _Nonnull
/usr/local/include/stdio.h:376:6: warning: pointer is missing a nullability type specifier (_Nonnull, _Nullable, or _Null_unspecified) [-Wnullability-completeness]
FILE    *funopen(const void *,
        ^
/usr/local/include/stdio.h:376:6: note: insert '_Nullable' if the pointer may be null
FILE    *funopen(const void *,
        ^
          _Nullable 
/usr/local/include/stdio.h:376:6: note: insert '_Nonnull' if the pointer should never be null
FILE    *funopen(const void *,
        ^
          _Nonnull 
6 warnings generated.
configure:5506: $? = 0
configure:5513: test -z "$ac_c_werror_flag" || test ! -s conftest.err
configure:5516: $? = 0
configure:5523: test -s conftest.o
configure:5526: $? = 0
configure:5539: result: yes
configure:5479: checking for sys/stat.h
configure:5500: gcc -c -g -O2  conftest.c >&5
In file included from conftest.c:11:
/usr/local/include/stdio.h:67:13: warning: pointer is missing a nullability type specifier (_Nonnull, _Nullable, or _Null_unspecified) [-Wnullability-completeness]
extern FILE *__stdinp;
            ^
/usr/local/include/stdio.h:67:13: note: insert '_Nullable' if the pointer may be null
extern FILE *__stdinp;
            ^
              _Nullable 
/usr/local/include/stdio.h:67:13: note: insert '_Nonnull' if the pointer should never be null
extern FILE *__stdinp;
            ^
              _Nonnull 
/usr/local/include/stdio.h:378:41: warning: pointer is missing a nullability type specifier (_Nonnull, _Nullable, or _Null_unspecified) [-Wnullability-completeness]
                 int (* _Nullable)(void *, const char *, int),
                                        ^
/usr/local/include/stdio.h:378:41: note: insert '_Nullable' if the pointer may be null
                 int (* _Nullable)(void *, const char *, int),
                                        ^
                                         _Nullable
/usr/local/include/stdio.h:378:41: note: insert '_Nonnull' if the pointer should never be null
                 int (* _Nullable)(void *, const char *, int),
                                        ^
                                         _Nonnull
/usr/local/include/stdio.h:378:55: warning: pointer is missing a nullability type specifier (_Nonnull, _Nullable, or _Null_unspecified) [-Wnullability-completeness]
                 int (* _Nullable)(void *, const char *, int),
                                                      ^
/usr/local/include/stdio.h:378:55: note: insert '_Nullable' if the pointer may be null
                 int (* _Nullable)(void *, const char *, int),
                                                      ^
                                                       _Nullable
/usr/local/include/stdio.h:378:55: note: insert '_Nonnull' if the pointer should never be null
                 int (* _Nullable)(void *, const char *, int),
                                                      ^
                                                       _Nonnull
/usr/local/include/stdio.h:379:44: warning: pointer is missing a nullability type specifier (_Nonnull, _Nullable, or _Null_unspecified) [-Wnullability-completeness]
                 fpos_t (* _Nullable)(void *, fpos_t, int),
                                           ^
/usr/local/include/stdio.h:379:44: note: insert '_Nullable' if the pointer may be null
                 fpos_t (* _Nullable)(void *, fpos_t, int),
                                           ^
                                            _Nullable
/usr/local/include/stdio.h:379:44: note: insert '_Nonnull' if the pointer should never be null
                 fpos_t (* _Nullable)(void *, fpos_t, int),
                                           ^
                                            _Nonnull
/usr/local/include/stdio.h:380:41: warning: pointer is missing a nullability type specifier (_Nonnull, _Nullable, or _Null_unspecified) [-Wnullability-completeness]
                 int (* _Nullable)(void *));
                                        ^
/usr/local/include/stdio.h:380:41: note: insert '_Nullable' if the pointer may be null
                 int (* _Nullable)(void *));
                                        ^
                                         _Nullable
/usr/local/include/stdio.h:380:41: note: insert '_Nonnull' if the pointer should never be null
                 int (* _Nullable)(void *));
                                        ^
                                         _Nonnull
/usr/local/include/stdio.h:376:6: warning: pointer is missing a nullability type specifier (_Nonnull, _Nullable, or _Null_unspecified) [-Wnullability-completeness]
FILE    *funopen(const void *,
        ^
/usr/local/include/stdio.h:376:6: note: insert '_Nullable' if the pointer may be null
FILE    *funopen(const void *,
        ^
          _Nullable 
/usr/local/include/stdio.h:376:6: note: insert '_Nonnull' if the pointer should never be null
FILE    *funopen(const void *,
        ^
          _Nonnull 
6 warnings generated.
configure:5506: $? = 0
configure:5513: test -z "$ac_c_werror_flag" || test ! -s conftest.err
configure:5516: $? = 0
configure:5523: test -s conftest.o
configure:5526: $? = 0
configure:5539: result: yes
configure:5479: checking for stdlib.h
configure:5500: gcc -c -g -O2  conftest.c >&5
In file included from conftest.c:12:
/usr/local/include/stdio.h:67:13: warning: pointer is missing a nullability type specifier (_Nonnull, _Nullable, or _Null_unspecified) [-Wnullability-completeness]
extern FILE *__stdinp;
            ^
/usr/local/include/stdio.h:67:13: note: insert '_Nullable' if the pointer may be null
extern FILE *__stdinp;
            ^
              _Nullable 
/usr/local/include/stdio.h:67:13: note: insert '_Nonnull' if the pointer should never be null
extern FILE *__stdinp;
            ^
              _Nonnull 
/usr/local/include/stdio.h:378:41: warning: pointer is missing a nullability type specifier (_Nonnull, _Nullable, or _Null_unspecified) [-Wnullability-completeness]
                 int (* _Nullable)(void *, const char *, int),
                                        ^
/usr/local/include/stdio.h:378:41: note: insert '_Nullable' if the pointer may be null
                 int (* _Nullable)(void *, const char *, int),
                                        ^
                                         _Nullable
/usr/local/include/stdio.h:378:41: note: insert '_Nonnull' if the pointer should never be null
                 int (* _Nullable)(void *, const char *, int),
                                        ^
                                         _Nonnull
/usr/local/include/stdio.h:378:55: warning: pointer is missing a nullability type specifier (_Nonnull, _Nullable, or _Null_unspecified) [-Wnullability-completeness]
                 int (* _Nullable)(void *, const char *, int),
                                                      ^
/usr/local/include/stdio.h:378:55: note: insert '_Nullable' if the pointer may be null
                 int (* _Nullable)(void *, const char *, int),
                                                      ^
                                                       _Nullable
/usr/local/include/stdio.h:378:55: note: insert '_Nonnull' if the pointer should never be null
                 int (* _Nullable)(void *, const char *, int),
                                                      ^
                                                       _Nonnull
/usr/local/include/stdio.h:379:44: warning: pointer is missing a nullability type specifier (_Nonnull, _Nullable, or _Null_unspecified) [-Wnullability-completeness]
                 fpos_t (* _Nullable)(void *, fpos_t, int),
                                           ^
/usr/local/include/stdio.h:379:44: note: insert '_Nullable' if the pointer may be null
                 fpos_t (* _Nullable)(void *, fpos_t, int),
                                           ^
                                            _Nullable
/usr/local/include/stdio.h:379:44: note: insert '_Nonnull' if the pointer should never be null
                 fpos_t (* _Nullable)(void *, fpos_t, int),
                                           ^
                                            _Nonnull
/usr/local/include/stdio.h:380:41: warning: pointer is missing a nullability type specifier (_Nonnull, _Nullable, or _Null_unspecified) [-Wnullability-completeness]
                 int (* _Nullable)(void *));
                                        ^
/usr/local/include/stdio.h:380:41: note: insert '_Nullable' if the pointer may be null
                 int (* _Nullable)(void *));
                                        ^
                                         _Nullable
/usr/local/include/stdio.h:380:41: note: insert '_Nonnull' if the pointer should never be null
                 int (* _Nullable)(void *));
                                        ^
                                         _Nonnull
/usr/local/include/stdio.h:376:6: warning: pointer is missing a nullability type specifier (_Nonnull, _Nullable, or _Null_unspecified) [-Wnullability-completeness]
FILE    *funopen(const void *,
        ^
/usr/local/include/stdio.h:376:6: note: insert '_Nullable' if the pointer may be null
FILE    *funopen(const void *,
        ^
          _Nullable 
/usr/local/include/stdio.h:376:6: note: insert '_Nonnull' if the pointer should never be null
FILE    *funopen(const void *,
        ^
          _Nonnull 
6 warnings generated.
configure:5506: $? = 0
configure:5513: test -z "$ac_c_werror_flag" || test ! -s conftest.err
configure:5516: $? = 0
configure:5523: test -s conftest.o
configure:5526: $? = 0
configure:5539: result: yes
configure:5479: checking for string.h
configure:5500: gcc -c -g -O2  conftest.c >&5
In file included from conftest.c:13:
/usr/local/include/stdio.h:67:13: warning: pointer is missing a nullability type specifier (_Nonnull, _Nullable, or _Null_unspecified) [-Wnullability-completeness]
extern FILE *__stdinp;
            ^
/usr/local/include/stdio.h:67:13: note: insert '_Nullable' if the pointer may be null
extern FILE *__stdinp;
            ^
              _Nullable 
/usr/local/include/stdio.h:67:13: note: insert '_Nonnull' if the pointer should never be null
extern FILE *__stdinp;
            ^
              _Nonnull 
/usr/local/include/stdio.h:378:41: warning: pointer is missing a nullability type specifier (_Nonnull, _Nullable, or _Null_unspecified) [-Wnullability-completeness]
                 int (* _Nullable)(void *, const char *, int),
                                        ^
/usr/local/include/stdio.h:378:41: note: insert '_Nullable' if the pointer may be null
                 int (* _Nullable)(void *, const char *, int),
                                        ^
                                         _Nullable
/usr/local/include/stdio.h:378:41: note: insert '_Nonnull' if the pointer should never be null
                 int (* _Nullable)(void *, const char *, int),
                                        ^
                                         _Nonnull
/usr/local/include/stdio.h:378:55: warning: pointer is missing a nullability type specifier (_Nonnull, _Nullable, or _Null_unspecified) [-Wnullability-completeness]
                 int (* _Nullable)(void *, const char *, int),
                                                      ^
/usr/local/include/stdio.h:378:55: note: insert '_Nullable' if the pointer may be null
                 int (* _Nullable)(void *, const char *, int),
                                                      ^
                                                       _Nullable
/usr/local/include/stdio.h:378:55: note: insert '_Nonnull' if the pointer should never be null
                 int (* _Nullable)(void *, const char *, int),
                                                      ^
                                                       _Nonnull
/usr/local/include/stdio.h:379:44: warning: pointer is missing a nullability type specifier (_Nonnull, _Nullable, or _Null_unspecified) [-Wnullability-completeness]
                 fpos_t (* _Nullable)(void *, fpos_t, int),
                                           ^
/usr/local/include/stdio.h:379:44: note: insert '_Nullable' if the pointer may be null
                 fpos_t (* _Nullable)(void *, fpos_t, int),
                                           ^
                                            _Nullable
/usr/local/include/stdio.h:379:44: note: insert '_Nonnull' if the pointer should never be null
                 fpos_t (* _Nullable)(void *, fpos_t, int),
                                           ^
                                            _Nonnull
/usr/local/include/stdio.h:380:41: warning: pointer is missing a nullability type specifier (_Nonnull, _Nullable, or _Null_unspecified) [-Wnullability-completeness]
                 int (* _Nullable)(void *));
                                        ^
/usr/local/include/stdio.h:380:41: note: insert '_Nullable' if the pointer may be null
                 int (* _Nullable)(void *));
                                        ^
                                         _Nullable
/usr/local/include/stdio.h:380:41: note: insert '_Nonnull' if the pointer should never be null
                 int (* _Nullable)(void *));
                                        ^
                                         _Nonnull
/usr/local/include/stdio.h:376:6: warning: pointer is missing a nullability type specifier (_Nonnull, _Nullable, or _Null_unspecified) [-Wnullability-completeness]
FILE    *funopen(const void *,
        ^
/usr/local/include/stdio.h:376:6: note: insert '_Nullable' if the pointer may be null
FILE    *funopen(const void *,
        ^
          _Nullable 
/usr/local/include/stdio.h:376:6: note: insert '_Nonnull' if the pointer should never be null
FILE    *funopen(const void *,
        ^
          _Nonnull 
6 warnings generated.
configure:5506: $? = 0
configure:5513: test -z "$ac_c_werror_flag" || test ! -s conftest.err
configure:5516: $? = 0
configure:5523: test -s conftest.o
configure:5526: $? = 0
configure:5539: result: yes
configure:5479: checking for memory.h
configure:5500: gcc -c -g -O2  conftest.c >&5
In file included from conftest.c:14:
/usr/local/include/stdio.h:67:13: warning: pointer is missing a nullability type specifier (_Nonnull, _Nullable, or _Null_unspecified) [-Wnullability-completeness]
extern FILE *__stdinp;
            ^
/usr/local/include/stdio.h:67:13: note: insert '_Nullable' if the pointer may be null
extern FILE *__stdinp;
            ^
              _Nullable 
/usr/local/include/stdio.h:67:13: note: insert '_Nonnull' if the pointer should never be null
extern FILE *__stdinp;
            ^
              _Nonnull 
/usr/local/include/stdio.h:378:41: warning: pointer is missing a nullability type specifier (_Nonnull, _Nullable, or _Null_unspecified) [-Wnullability-completeness]
                 int (* _Nullable)(void *, const char *, int),
                                        ^
/usr/local/include/stdio.h:378:41: note: insert '_Nullable' if the pointer may be null
                 int (* _Nullable)(void *, const char *, int),
                                        ^
                                         _Nullable
/usr/local/include/stdio.h:378:41: note: insert '_Nonnull' if the pointer should never be null
                 int (* _Nullable)(void *, const char *, int),
                                        ^
                                         _Nonnull
/usr/local/include/stdio.h:378:55: warning: pointer is missing a nullability type specifier (_Nonnull, _Nullable, or _Null_unspecified) [-Wnullability-completeness]
                 int (* _Nullable)(void *, const char *, int),
                                                      ^
/usr/local/include/stdio.h:378:55: note: insert '_Nullable' if the pointer may be null
                 int (* _Nullable)(void *, const char *, int),
                                                      ^
                                                       _Nullable
/usr/local/include/stdio.h:378:55: note: insert '_Nonnull' if the pointer should never be null
                 int (* _Nullable)(void *, const char *, int),
                                                      ^
                                                       _Nonnull
/usr/local/include/stdio.h:379:44: warning: pointer is missing a nullability type specifier (_Nonnull, _Nullable, or _Null_unspecified) [-Wnullability-completeness]
                 fpos_t (* _Nullable)(void *, fpos_t, int),
                                           ^
/usr/local/include/stdio.h:379:44: note: insert '_Nullable' if the pointer may be null
                 fpos_t (* _Nullable)(void *, fpos_t, int),
                                           ^
                                            _Nullable
/usr/local/include/stdio.h:379:44: note: insert '_Nonnull' if the pointer should never be null
                 fpos_t (* _Nullable)(void *, fpos_t, int),
                                           ^
                                            _Nonnull
/usr/local/include/stdio.h:380:41: warning: pointer is missing a nullability type specifier (_Nonnull, _Nullable, or _Null_unspecified) [-Wnullability-completeness]
                 int (* _Nullable)(void *));
                                        ^
/usr/local/include/stdio.h:380:41: note: insert '_Nullable' if the pointer may be null
                 int (* _Nullable)(void *));
                                        ^
                                         _Nullable
/usr/local/include/stdio.h:380:41: note: insert '_Nonnull' if the pointer should never be null
                 int (* _Nullable)(void *));
                                        ^
                                         _Nonnull
/usr/local/include/stdio.h:376:6: warning: pointer is missing a nullability type specifier (_Nonnull, _Nullable, or _Null_unspecified) [-Wnullability-completeness]
FILE    *funopen(const void *,
        ^
/usr/local/include/stdio.h:376:6: note: insert '_Nullable' if the pointer may be null
FILE    *funopen(const void *,
        ^
          _Nullable 
/usr/local/include/stdio.h:376:6: note: insert '_Nonnull' if the pointer should never be null
FILE    *funopen(const void *,
        ^
          _Nonnull 
6 warnings generated.
configure:5506: $? = 0
configure:5513: test -z "$ac_c_werror_flag" || test ! -s conftest.err
configure:5516: $? = 0
configure:5523: test -s conftest.o
configure:5526: $? = 0
configure:5539: result: yes
configure:5479: checking for strings.h
configure:5500: gcc -c -g -O2  conftest.c >&5
In file included from conftest.c:15:
/usr/local/include/stdio.h:67:13: warning: pointer is missing a nullability type specifier (_Nonnull, _Nullable, or _Null_unspecified) [-Wnullability-completeness]
extern FILE *__stdinp;
            ^
/usr/local/include/stdio.h:67:13: note: insert '_Nullable' if the pointer may be null
extern FILE *__stdinp;
            ^
              _Nullable 
/usr/local/include/stdio.h:67:13: note: insert '_Nonnull' if the pointer should never be null
extern FILE *__stdinp;
            ^
              _Nonnull 
/usr/local/include/stdio.h:378:41: warning: pointer is missing a nullability type specifier (_Nonnull, _Nullable, or _Null_unspecified) [-Wnullability-completeness]
                 int (* _Nullable)(void *, const char *, int),
                                        ^
/usr/local/include/stdio.h:378:41: note: insert '_Nullable' if the pointer may be null
                 int (* _Nullable)(void *, const char *, int),
                                        ^
                                         _Nullable
/usr/local/include/stdio.h:378:41: note: insert '_Nonnull' if the pointer should never be null
                 int (* _Nullable)(void *, const char *, int),
                                        ^
                                         _Nonnull
/usr/local/include/stdio.h:378:55: warning: pointer is missing a nullability type specifier (_Nonnull, _Nullable, or _Null_unspecified) [-Wnullability-completeness]
                 int (* _Nullable)(void *, const char *, int),
                                                      ^
/usr/local/include/stdio.h:378:55: note: insert '_Nullable' if the pointer may be null
                 int (* _Nullable)(void *, const char *, int),
                                                      ^
                                                       _Nullable
/usr/local/include/stdio.h:378:55: note: insert '_Nonnull' if the pointer should never be null
                 int (* _Nullable)(void *, const char *, int),
                                                      ^
                                                       _Nonnull
/usr/local/include/stdio.h:379:44: warning: pointer is missing a nullability type specifier (_Nonnull, _Nullable, or _Null_unspecified) [-Wnullability-completeness]
                 fpos_t (* _Nullable)(void *, fpos_t, int),
                                           ^
/usr/local/include/stdio.h:379:44: note: insert '_Nullable' if the pointer may be null
                 fpos_t (* _Nullable)(void *, fpos_t, int),
                                           ^
                                            _Nullable
/usr/local/include/stdio.h:379:44: note: insert '_Nonnull' if the pointer should never be null
                 fpos_t (* _Nullable)(void *, fpos_t, int),
                                           ^
                                            _Nonnull
/usr/local/include/stdio.h:380:41: warning: pointer is missing a nullability type specifier (_Nonnull, _Nullable, or _Null_unspecified) [-Wnullability-completeness]
                 int (* _Nullable)(void *));
                                        ^
/usr/local/include/stdio.h:380:41: note: insert '_Nullable' if the pointer may be null
                 int (* _Nullable)(void *));
                                        ^
                                         _Nullable
/usr/local/include/stdio.h:380:41: note: insert '_Nonnull' if the pointer should never be null
                 int (* _Nullable)(void *));
                                        ^
                                         _Nonnull
/usr/local/include/stdio.h:376:6: warning: pointer is missing a nullability type specifier (_Nonnull, _Nullable, or _Null_unspecified) [-Wnullability-completeness]
FILE    *funopen(const void *,
        ^
/usr/local/include/stdio.h:376:6: note: insert '_Nullable' if the pointer may be null
FILE    *funopen(const void *,
        ^
          _Nullable 
/usr/local/include/stdio.h:376:6: note: insert '_Nonnull' if the pointer should never be null
FILE    *funopen(const void *,
        ^
          _Nonnull 
6 warnings generated.
configure:5506: $? = 0
configure:5513: test -z "$ac_c_werror_flag" || test ! -s conftest.err
configure:5516: $? = 0
configure:5523: test -s conftest.o
configure:5526: $? = 0
configure:5539: result: yes
configure:5479: checking for inttypes.h
configure:5500: gcc -c -g -O2  conftest.c >&5
In file included from conftest.c:16:
/usr/local/include/stdio.h:67:13: warning: pointer is missing a nullability type specifier (_Nonnull, _Nullable, or _Null_unspecified) [-Wnullability-completeness]
extern FILE *__stdinp;
            ^
/usr/local/include/stdio.h:67:13: note: insert '_Nullable' if the pointer may be null
extern FILE *__stdinp;
            ^
              _Nullable 
/usr/local/include/stdio.h:67:13: note: insert '_Nonnull' if the pointer should never be null
extern FILE *__stdinp;
            ^
              _Nonnull 
/usr/local/include/stdio.h:378:41: warning: pointer is missing a nullability type specifier (_Nonnull, _Nullable, or _Null_unspecified) [-Wnullability-completeness]
                 int (* _Nullable)(void *, const char *, int),
                                        ^
/usr/local/include/stdio.h:378:41: note: insert '_Nullable' if the pointer may be null
                 int (* _Nullable)(void *, const char *, int),
                                        ^
                                         _Nullable
/usr/local/include/stdio.h:378:41: note: insert '_Nonnull' if the pointer should never be null
                 int (* _Nullable)(void *, const char *, int),
                                        ^
                                         _Nonnull
/usr/local/include/stdio.h:378:55: warning: pointer is missing a nullability type specifier (_Nonnull, _Nullable, or _Null_unspecified) [-Wnullability-completeness]
                 int (* _Nullable)(void *, const char *, int),
                                                      ^
/usr/local/include/stdio.h:378:55: note: insert '_Nullable' if the pointer may be null
                 int (* _Nullable)(void *, const char *, int),
                                                      ^
                                                       _Nullable
/usr/local/include/stdio.h:378:55: note: insert '_Nonnull' if the pointer should never be null
                 int (* _Nullable)(void *, const char *, int),
                                                      ^
                                                       _Nonnull
/usr/local/include/stdio.h:379:44: warning: pointer is missing a nullability type specifier (_Nonnull, _Nullable, or _Null_unspecified) [-Wnullability-completeness]
                 fpos_t (* _Nullable)(void *, fpos_t, int),
                                           ^
/usr/local/include/stdio.h:379:44: note: insert '_Nullable' if the pointer may be null
                 fpos_t (* _Nullable)(void *, fpos_t, int),
                                           ^
                                            _Nullable
/usr/local/include/stdio.h:379:44: note: insert '_Nonnull' if the pointer should never be null
                 fpos_t (* _Nullable)(void *, fpos_t, int),
                                           ^
                                            _Nonnull
/usr/local/include/stdio.h:380:41: warning: pointer is missing a nullability type specifier (_Nonnull, _Nullable, or _Null_unspecified) [-Wnullability-completeness]
                 int (* _Nullable)(void *));
                                        ^
/usr/local/include/stdio.h:380:41: note: insert '_Nullable' if the pointer may be null
                 int (* _Nullable)(void *));
                                        ^
                                         _Nullable
/usr/local/include/stdio.h:380:41: note: insert '_Nonnull' if the pointer should never be null
                 int (* _Nullable)(void *));
                                        ^
                                         _Nonnull
/usr/local/include/stdio.h:376:6: warning: pointer is missing a nullability type specifier (_Nonnull, _Nullable, or _Null_unspecified) [-Wnullability-completeness]
FILE    *funopen(const void *,
        ^
/usr/local/include/stdio.h:376:6: note: insert '_Nullable' if the pointer may be null
FILE    *funopen(const void *,
        ^
          _Nullable 
/usr/local/include/stdio.h:376:6: note: insert '_Nonnull' if the pointer should never be null
FILE    *funopen(const void *,
        ^
          _Nonnull 
6 warnings generated.
configure:5506: $? = 0
configure:5513: test -z "$ac_c_werror_flag" || test ! -s conftest.err
configure:5516: $? = 0
configure:5523: test -s conftest.o
configure:5526: $? = 0
configure:5539: result: yes
configure:5479: checking for stdint.h
configure:5500: gcc -c -g -O2  conftest.c >&5
In file included from conftest.c:17:
/usr/local/include/stdio.h:67:13: warning: pointer is missing a nullability type specifier (_Nonnull, _Nullable, or _Null_unspecified) [-Wnullability-completeness]
extern FILE *__stdinp;
            ^
/usr/local/include/stdio.h:67:13: note: insert '_Nullable' if the pointer may be null
extern FILE *__stdinp;
            ^
              _Nullable 
/usr/local/include/stdio.h:67:13: note: insert '_Nonnull' if the pointer should never be null
extern FILE *__stdinp;
            ^
              _Nonnull 
/usr/local/include/stdio.h:378:41: warning: pointer is missing a nullability type specifier (_Nonnull, _Nullable, or _Null_unspecified) [-Wnullability-completeness]
                 int (* _Nullable)(void *, const char *, int),
                                        ^
/usr/local/include/stdio.h:378:41: note: insert '_Nullable' if the pointer may be null
                 int (* _Nullable)(void *, const char *, int),
                                        ^
                                         _Nullable
/usr/local/include/stdio.h:378:41: note: insert '_Nonnull' if the pointer should never be null
                 int (* _Nullable)(void *, const char *, int),
                                        ^
                                         _Nonnull
/usr/local/include/stdio.h:378:55: warning: pointer is missing a nullability type specifier (_Nonnull, _Nullable, or _Null_unspecified) [-Wnullability-completeness]
                 int (* _Nullable)(void *, const char *, int),
                                                      ^
/usr/local/include/stdio.h:378:55: note: insert '_Nullable' if the pointer may be null
                 int (* _Nullable)(void *, const char *, int),
                                                      ^
                                                       _Nullable
/usr/local/include/stdio.h:378:55: note: insert '_Nonnull' if the pointer should never be null
                 int (* _Nullable)(void *, const char *, int),
                                                      ^
                                                       _Nonnull
/usr/local/include/stdio.h:379:44: warning: pointer is missing a nullability type specifier (_Nonnull, _Nullable, or _Null_unspecified) [-Wnullability-completeness]
                 fpos_t (* _Nullable)(void *, fpos_t, int),
                                           ^
/usr/local/include/stdio.h:379:44: note: insert '_Nullable' if the pointer may be null
                 fpos_t (* _Nullable)(void *, fpos_t, int),
                                           ^
                                            _Nullable
/usr/local/include/stdio.h:379:44: note: insert '_Nonnull' if the pointer should never be null
                 fpos_t (* _Nullable)(void *, fpos_t, int),
                                           ^
                                            _Nonnull
/usr/local/include/stdio.h:380:41: warning: pointer is missing a nullability type specifier (_Nonnull, _Nullable, or _Null_unspecified) [-Wnullability-completeness]
                 int (* _Nullable)(void *));
                                        ^
/usr/local/include/stdio.h:380:41: note: insert '_Nullable' if the pointer may be null
                 int (* _Nullable)(void *));
                                        ^
                                         _Nullable
/usr/local/include/stdio.h:380:41: note: insert '_Nonnull' if the pointer should never be null
                 int (* _Nullable)(void *));
                                        ^
                                         _Nonnull
/usr/local/include/stdio.h:376:6: warning: pointer is missing a nullability type specifier (_Nonnull, _Nullable, or _Null_unspecified) [-Wnullability-completeness]
FILE    *funopen(const void *,
        ^
/usr/local/include/stdio.h:376:6: note: insert '_Nullable' if the pointer may be null
FILE    *funopen(const void *,
        ^
          _Nullable 
/usr/local/include/stdio.h:376:6: note: insert '_Nonnull' if the pointer should never be null
FILE    *funopen(const void *,
        ^
          _Nonnull 
6 warnings generated.
configure:5506: $? = 0
configure:5513: test -z "$ac_c_werror_flag" || test ! -s conftest.err
configure:5516: $? = 0
configure:5523: test -s conftest.o
configure:5526: $? = 0
configure:5539: result: yes
configure:5479: checking for unistd.h
configure:5500: gcc -c -g -O2  conftest.c >&5
In file included from conftest.c:18:
/usr/local/include/stdio.h:67:13: warning: pointer is missing a nullability type specifier (_Nonnull, _Nullable, or _Null_unspecified) [-Wnullability-completeness]
extern FILE *__stdinp;
            ^
/usr/local/include/stdio.h:67:13: note: insert '_Nullable' if the pointer may be null
extern FILE *__stdinp;
            ^
              _Nullable 
/usr/local/include/stdio.h:67:13: note: insert '_Nonnull' if the pointer should never be null
extern FILE *__stdinp;
            ^
              _Nonnull 
/usr/local/include/stdio.h:378:41: warning: pointer is missing a nullability type specifier (_Nonnull, _Nullable, or _Null_unspecified) [-Wnullability-completeness]
                 int (* _Nullable)(void *, const char *, int),
                                        ^
/usr/local/include/stdio.h:378:41: note: insert '_Nullable' if the pointer may be null
                 int (* _Nullable)(void *, const char *, int),
                                        ^
                                         _Nullable
/usr/local/include/stdio.h:378:41: note: insert '_Nonnull' if the pointer should never be null
                 int (* _Nullable)(void *, const char *, int),
                                        ^
                                         _Nonnull
/usr/local/include/stdio.h:378:55: warning: pointer is missing a nullability type specifier (_Nonnull, _Nullable, or _Null_unspecified) [-Wnullability-completeness]
                 int (* _Nullable)(void *, const char *, int),
                                                      ^
/usr/local/include/stdio.h:378:55: note: insert '_Nullable' if the pointer may be null
                 int (* _Nullable)(void *, const char *, int),
                                                      ^
                                                       _Nullable
/usr/local/include/stdio.h:378:55: note: insert '_Nonnull' if the pointer should never be null
                 int (* _Nullable)(void *, const char *, int),
                                                      ^
                                                       _Nonnull
/usr/local/include/stdio.h:379:44: warning: pointer is missing a nullability type specifier (_Nonnull, _Nullable, or _Null_unspecified) [-Wnullability-completeness]
                 fpos_t (* _Nullable)(void *, fpos_t, int),
                                           ^
/usr/local/include/stdio.h:379:44: note: insert '_Nullable' if the pointer may be null
                 fpos_t (* _Nullable)(void *, fpos_t, int),
                                           ^
                                            _Nullable
/usr/local/include/stdio.h:379:44: note: insert '_Nonnull' if the pointer should never be null
                 fpos_t (* _Nullable)(void *, fpos_t, int),
                                           ^
                                            _Nonnull
/usr/local/include/stdio.h:380:41: warning: pointer is missing a nullability type specifier (_Nonnull, _Nullable, or _Null_unspecified) [-Wnullability-completeness]
                 int (* _Nullable)(void *));
                                        ^
/usr/local/include/stdio.h:380:41: note: insert '_Nullable' if the pointer may be null
                 int (* _Nullable)(void *));
                                        ^
                                         _Nullable
/usr/local/include/stdio.h:380:41: note: insert '_Nonnull' if the pointer should never be null
                 int (* _Nullable)(void *));
                                        ^
                                         _Nonnull
/usr/local/include/stdio.h:376:6: warning: pointer is missing a nullability type specifier (_Nonnull, _Nullable, or _Null_unspecified) [-Wnullability-completeness]
FILE    *funopen(const void *,
        ^
/usr/local/include/stdio.h:376:6: note: insert '_Nullable' if the pointer may be null
FILE    *funopen(const void *,
        ^
          _Nullable 
/usr/local/include/stdio.h:376:6: note: insert '_Nonnull' if the pointer should never be null
FILE    *funopen(const void *,
        ^
          _Nonnull 
6 warnings generated.
configure:5506: $? = 0
configure:5513: test -z "$ac_c_werror_flag" || test ! -s conftest.err
configure:5516: $? = 0
configure:5523: test -s conftest.o
configure:5526: $? = 0
configure:5539: result: yes
configure:5566: checking dlfcn.h usability
configure:5583: gcc -c -g -O2  conftest.c >&5
In file included from conftest.c:19:
/usr/local/include/stdio.h:67:13: warning: pointer is missing a nullability type specifier (_Nonnull, _Nullable, or _Null_unspecified) [-Wnullability-completeness]
extern FILE *__stdinp;
            ^
/usr/local/include/stdio.h:67:13: note: insert '_Nullable' if the pointer may be null
extern FILE *__stdinp;
            ^
              _Nullable 
/usr/local/include/stdio.h:67:13: note: insert '_Nonnull' if the pointer should never be null
extern FILE *__stdinp;
            ^
              _Nonnull 
/usr/local/include/stdio.h:378:41: warning: pointer is missing a nullability type specifier (_Nonnull, _Nullable, or _Null_unspecified) [-Wnullability-completeness]
                 int (* _Nullable)(void *, const char *, int),
                                        ^
/usr/local/include/stdio.h:378:41: note: insert '_Nullable' if the pointer may be null
                 int (* _Nullable)(void *, const char *, int),
                                        ^
                                         _Nullable
/usr/local/include/stdio.h:378:41: note: insert '_Nonnull' if the pointer should never be null
                 int (* _Nullable)(void *, const char *, int),
                                        ^
                                         _Nonnull
/usr/local/include/stdio.h:378:55: warning: pointer is missing a nullability type specifier (_Nonnull, _Nullable, or _Null_unspecified) [-Wnullability-completeness]
                 int (* _Nullable)(void *, const char *, int),
                                                      ^
/usr/local/include/stdio.h:378:55: note: insert '_Nullable' if the pointer may be null
                 int (* _Nullable)(void *, const char *, int),
                                                      ^
                                                       _Nullable
/usr/local/include/stdio.h:378:55: note: insert '_Nonnull' if the pointer should never be null
                 int (* _Nullable)(void *, const char *, int),
                                                      ^
                                                       _Nonnull
/usr/local/include/stdio.h:379:44: warning: pointer is missing a nullability type specifier (_Nonnull, _Nullable, or _Null_unspecified) [-Wnullability-completeness]
                 fpos_t (* _Nullable)(void *, fpos_t, int),
                                           ^
/usr/local/include/stdio.h:379:44: note: insert '_Nullable' if the pointer may be null
                 fpos_t (* _Nullable)(void *, fpos_t, int),
                                           ^
                                            _Nullable
/usr/local/include/stdio.h:379:44: note: insert '_Nonnull' if the pointer should never be null
                 fpos_t (* _Nullable)(void *, fpos_t, int),
                                           ^
                                            _Nonnull
/usr/local/include/stdio.h:380:41: warning: pointer is missing a nullability type specifier (_Nonnull, _Nullable, or _Null_unspecified) [-Wnullability-completeness]
                 int (* _Nullable)(void *));
                                        ^
/usr/local/include/stdio.h:380:41: note: insert '_Nullable' if the pointer may be null
                 int (* _Nullable)(void *));
                                        ^
                                         _Nullable
/usr/local/include/stdio.h:380:41: note: insert '_Nonnull' if the pointer should never be null
                 int (* _Nullable)(void *));
                                        ^
                                         _Nonnull
/usr/local/include/stdio.h:376:6: warning: pointer is missing a nullability type specifier (_Nonnull, _Nullable, or _Null_unspecified) [-Wnullability-completeness]
FILE    *funopen(const void *,
        ^
/usr/local/include/stdio.h:376:6: note: insert '_Nullable' if the pointer may be null
FILE    *funopen(const void *,
        ^
          _Nullable 
/usr/local/include/stdio.h:376:6: note: insert '_Nonnull' if the pointer should never be null
FILE    *funopen(const void *,
        ^
          _Nonnull 
6 warnings generated.
configure:5589: $? = 0
configure:5596: test -z "$ac_c_werror_flag" || test ! -s conftest.err
configure:5599: $? = 0
configure:5606: test -s conftest.o
configure:5609: $? = 0
configure:5620: result: yes
configure:5624: checking dlfcn.h presence
configure:5639: gcc -E  conftest.c
configure:5645: $? = 0
configure:5666: result: yes
configure:5694: checking for dlfcn.h
configure:5702: result: yes
configure:5773: checking for g++
configure:5789: found /usr/bin/g++
configure:5800: result: g++
configure:5831: checking for C++ compiler version
configure:5838: g++ --version >&5
Configured with: --prefix=/Applications/Xcode.app/Contents/Developer/usr --with-gxx-include-dir=/Applications/Xcode.app/Contents/Developer/Platforms/MacOSX.platform/Developer/SDKs/MacOSX.sdk/usr/include/c++/4.2.1
Apple clang version 12.0.5 (clang-1205.0.22.11)
Target: x86_64-apple-darwin20.6.0
Thread model: posix
InstalledDir: /Applications/Xcode.app/Contents/Developer/Toolchains/XcodeDefault.xctoolchain/usr/bin
configure:5841: $? = 0
configure:5848: g++ -v >&5
Configured with: --prefix=/Applications/Xcode.app/Contents/Developer/usr --with-gxx-include-dir=/Applications/Xcode.app/Contents/Developer/Platforms/MacOSX.platform/Developer/SDKs/MacOSX.sdk/usr/include/c++/4.2.1
Apple clang version 12.0.5 (clang-1205.0.22.11)
Target: x86_64-apple-darwin20.6.0
Thread model: posix
InstalledDir: /Applications/Xcode.app/Contents/Developer/Toolchains/XcodeDefault.xctoolchain/usr/bin
configure:5851: $? = 0
configure:5858: g++ -V >&5
clang: error: argument to '-V' is missing (expected 1 value)
clang: error: no input files
configure:5861: $? = 1
configure:5864: checking whether we are using the GNU C++ compiler
configure:5893: g++ -c   conftest.cpp >&5
configure:5899: $? = 0
configure:5906: test -z "$ac_cxx_werror_flag" || test ! -s conftest.err
configure:5909: $? = 0
configure:5916: test -s conftest.o
configure:5919: $? = 0
configure:5933: result: yes
configure:5938: checking whether g++ accepts -g
configure:5968: g++ -c -g  conftest.cpp >&5
configure:5974: $? = 0
configure:5981: test -z "$ac_cxx_werror_flag" || test ! -s conftest.err
configure:5984: $? = 0
configure:5991: test -s conftest.o
configure:5994: $? = 0
configure:6124: result: yes
configure:6149: checking dependency style of g++
configure:6240: result: none
configure:6265: checking how to run the C++ preprocessor
configure:6301: g++ -E  conftest.cpp
configure:6307: $? = 0
configure:6345: g++ -E  conftest.cpp
conftest.cpp:20:10: fatal error: 'ac_nonexistent.h' file not found
#include <ac_nonexistent.h>
         ^~~~~~~~~~~~~~~~~~
1 error generated.
configure:6351: $? = 1
configure: failed program was:
| /* confdefs.h.  */
| #define PACKAGE_NAME ""
| #define PACKAGE_TARNAME ""
| #define PACKAGE_VERSION ""
| #define PACKAGE_STRING ""
| #define PACKAGE_BUGREPORT ""
| #define PACKAGE "autoconf-lib-link"
| #define VERSION "0.16"
| #define HAVE_SYS_TYPES_H 1
| #define HAVE_SYS_STAT_H 1
| #define HAVE_STDLIB_H 1
| #define HAVE_STRING_H 1
| #define HAVE_MEMORY_H 1
| #define HAVE_STRINGS_H 1
| #define HAVE_INTTYPES_H 1
| #define HAVE_STDINT_H 1
| #define HAVE_UNISTD_H 1
| #define HAVE_DLFCN_H 1
| /* end confdefs.h.  */
| #include <ac_nonexistent.h>
configure:6391: result: g++ -E
configure:6420: g++ -E  conftest.cpp
configure:6426: $? = 0
configure:6464: g++ -E  conftest.cpp
conftest.cpp:20:10: fatal error: 'ac_nonexistent.h' file not found
#include <ac_nonexistent.h>
         ^~~~~~~~~~~~~~~~~~
1 error generated.
configure:6470: $? = 1
configure: failed program was:
| /* confdefs.h.  */
| #define PACKAGE_NAME ""
| #define PACKAGE_TARNAME ""
| #define PACKAGE_VERSION ""
| #define PACKAGE_STRING ""
| #define PACKAGE_BUGREPORT ""
| #define PACKAGE "autoconf-lib-link"
| #define VERSION "0.16"
| #define HAVE_SYS_TYPES_H 1
| #define HAVE_SYS_STAT_H 1
| #define HAVE_STDLIB_H 1
| #define HAVE_STRING_H 1
| #define HAVE_MEMORY_H 1
| #define HAVE_STRINGS_H 1
| #define HAVE_INTTYPES_H 1
| #define HAVE_STDINT_H 1
| #define HAVE_UNISTD_H 1
| #define HAVE_DLFCN_H 1
| /* end confdefs.h.  */
| #include <ac_nonexistent.h>
configure:6570: checking for g77
configure:6600: result: no
configure:6570: checking for f77
configure:6600: result: no
configure:6570: checking for xlf
configure:6600: result: no
configure:6570: checking for frt
configure:6600: result: no
configure:6570: checking for pgf77
configure:6600: result: no
configure:6570: checking for cf77
configure:6600: result: no
configure:6570: checking for fort77
configure:6600: result: no
configure:6570: checking for fl32
configure:6600: result: no
configure:6570: checking for af77
configure:6600: result: no
configure:6570: checking for f90
configure:6600: result: no
configure:6570: checking for xlf90
configure:6600: result: no
configure:6570: checking for pgf90
configure:6600: result: no
configure:6570: checking for pghpf
configure:6600: result: no
configure:6570: checking for epcf90
configure:6600: result: no
configure:6570: checking for gfortran
configure:6600: result: no
configure:6570: checking for g95
configure:6600: result: no
configure:6570: checking for f95
configure:6600: result: no
configure:6570: checking for fort
configure:6600: result: no
configure:6570: checking for xlf95
configure:6600: result: no
configure:6570: checking for ifort
configure:6600: result: no
configure:6570: checking for ifc
configure:6600: result: no
configure:6570: checking for efc
configure:6600: result: no
configure:6570: checking for pgf95
configure:6600: result: no
configure:6570: checking for lf95
configure:6600: result: no
configure:6570: checking for ftn
configure:6600: result: no
configure:6627: checking for Fortran 77 compiler version
configure:6634:  --version >&5
../../autoconf-lib-link/configure: line 6635: --version: command not found
configure:6637: $? = 127
configure:6644:  -v >&5
../../autoconf-lib-link/configure: line 6645: -v: command not found
configure:6647: $? = 127
configure:6654:  -V >&5
../../autoconf-lib-link/configure: line 6655: -V: command not found
configure:6657: $? = 127
configure:6665: checking whether we are using the GNU Fortran 77 compiler
configure:6684:  -c  conftest.F >&5
../../autoconf-lib-link/configure: line 6685: -c: command not found
configure:6690: $? = 127
configure: failed program was:
|       program main
| #ifndef __GNUC__
|        choke me
| #endif
| 
|       end
configure:6724: result: no
configure:6730: checking whether  accepts -g
configure:6747:  -c -g conftest.f >&5
../../autoconf-lib-link/configure: line 6748: -c: command not found
configure:6753: $? = 127
configure: failed program was:
|       program main
| 
|       end
configure:6786: result: no
configure:6816: checking the maximum length of command line arguments
configure:6925: result: 786432
configure:6936: checking command to parse /usr/local/bin/nm -B output from gcc object
configure:7041: gcc -c -g -O2  conftest.c >&5
configure:7044: $? = 0
configure:7048: /usr/local/bin/nm -B conftest.o \| sed -n -e 's/^.*[ 	]\([ABCDGIRSTW][ABCDGIRSTW]*\)[ 	][ 	]*\([_A-Za-z][_A-Za-z0-9]*\)$/\1 \2 \2/p' \> conftest.nm
configure:7051: $? = 0
cannot find nm_test_var in conftest.nm
configure:7041: gcc -c -g -O2  conftest.c >&5
configure:7044: $? = 0
configure:7048: /usr/local/bin/nm -B conftest.o \| sed -n -e 's/^.*[ 	]\([ABCDGIRSTW][ABCDGIRSTW]*\)[ 	][ 	]*_\([_A-Za-z][_A-Za-z0-9]*\)$/\1 _\2 \2/p' \> conftest.nm
configure:7051: $? = 0
configure:7103: gcc -o conftest -g -O2   conftest.c conftstm.o >&5
warning: (x86_64)  could not find object file symbol for symbol _main
configure:7106: $? = 0
configure:7144: result: ok
configure:7148: checking for objdir
configure:7163: result: .libs
configure:7255: checking for ar
configure:7271: found /usr/local/bin/ar
configure:7282: result: ar
configure:7351: checking for ranlib
configure:7367: found /usr/local/bin/ranlib
configure:7378: result: ranlib
configure:7447: checking for strip
configure:7463: found /usr/local/bin/strip
configure:7474: result: strip
configure:7764: checking if gcc supports -fno-rtti -fno-exceptions
configure:7782: gcc -c -g -O2  -fno-rtti -fno-exceptions conftest.c >&5
configure:7786: $? = 0
configure:7799: result: yes
configure:7814: checking for gcc option to produce PIC
configure:8047: result: -fno-common
configure:8055: checking if gcc PIC flag -fno-common works
configure:8073: gcc -c -g -O2  -fno-common -DPIC conftest.c >&5
configure:8077: $? = 0
configure:8090: result: yes
configure:8118: checking if gcc static flag -static works
configure:8146: result: no
configure:8156: checking if gcc supports -c -o file.o
configure:8177: gcc -c -g -O2  -o out/conftest2.o conftest.c >&5
configure:8181: $? = 0
configure:8203: result: yes
configure:8229: checking whether the gcc linker (/Applications/Xcode.app/Contents/Developer/Toolchains/XcodeDefault.xctoolchain/usr/bin/ld) supports shared libraries
configure:9224: result: yes
configure:9291: checking dynamic linker characteristics
configure:9879: result: darwin20.6.0 dyld
configure:9888: checking how to hardcode library paths into programs
configure:9913: result: immediate
configure:9927: checking whether stripping libraries is possible
configure:9932: result: yes
configure:10845: checking if libtool supports shared libraries
configure:10847: result: yes
configure:10850: checking whether to build shared libraries
configure:10871: result: yes
configure:10874: checking whether to build static libraries
configure:10878: result: yes
configure:10970: creating libtool
configure:11558: checking for ld used by g++
configure:11625: result: /Applications/Xcode.app/Contents/Developer/Toolchains/XcodeDefault.xctoolchain/usr/bin/ld
configure:11634: checking if the linker (/Applications/Xcode.app/Contents/Developer/Toolchains/XcodeDefault.xctoolchain/usr/bin/ld) is GNU ld
configure:11649: result: no
configure:11700: checking whether the g++ linker (/Applications/Xcode.app/Contents/Developer/Toolchains/XcodeDefault.xctoolchain/usr/bin/ld) supports shared libraries
configure:12689: result: yes
configure:12711: g++ -c -g -O2  conftest.cpp >&5
configure:12714: $? = 0
configure:12842: checking for g++ option to produce PIC
configure:13126: result: -fno-common
configure:13134: checking if g++ PIC flag -fno-common works
configure:13152: g++ -c -g -O2  -fno-common -DPIC conftest.cpp >&5
configure:13156: $? = 0
configure:13169: result: yes
configure:13197: checking if g++ static flag -static works
configure:13225: result: no
configure:13235: checking if g++ supports -c -o file.o
configure:13256: g++ -c -g -O2  -o out/conftest2.o conftest.cpp >&5
configure:13260: $? = 0
configure:13282: result: yes
configure:13308: checking whether the g++ linker (/Applications/Xcode.app/Contents/Developer/Toolchains/XcodeDefault.xctoolchain/usr/bin/ld) supports shared libraries
configure:13333: result: yes
configure:13400: checking dynamic linker characteristics
configure:13988: result: darwin20.6.0 dyld
configure:13997: checking how to hardcode library paths into programs
configure:14022: result: immediate
configure:20488: creating ./config.status

## ---------------------- ##
## Running config.status. ##
## ---------------------- ##

This file was extended by config.status, which was
generated by GNU Autoconf 2.60.  Invocation command line was

  CONFIG_FILES    = 
  CONFIG_HEADERS  = 
  CONFIG_LINKS    = 
  CONFIG_COMMANDS = 
  $ ./config.status 

on Jeremys-MacBook-Pro.local

config.status:641: creating Makefile
config.status:641: creating m4/Makefile
config.status:641: creating tests/Makefile
config.status:825: executing depfiles commands

## ---------------- ##
## Cache variables. ##
## ---------------- ##

ac_cv_build=i386-apple-darwin20.6.0
ac_cv_c_compiler_gnu=yes
ac_cv_cxx_compiler_gnu=yes
ac_cv_env_CCC_set=
ac_cv_env_CCC_value=
ac_cv_env_CC_set=
ac_cv_env_CC_value=
ac_cv_env_CFLAGS_set=
ac_cv_env_CFLAGS_value=
ac_cv_env_CPPFLAGS_set=
ac_cv_env_CPPFLAGS_value=
ac_cv_env_CPP_set=
ac_cv_env_CPP_value=
ac_cv_env_CXXCPP_set=
ac_cv_env_CXXCPP_value=
ac_cv_env_CXXFLAGS_set=
ac_cv_env_CXXFLAGS_value=
ac_cv_env_CXX_set=
ac_cv_env_CXX_value=
ac_cv_env_F77_set=
ac_cv_env_F77_value=
ac_cv_env_FFLAGS_set=
ac_cv_env_FFLAGS_value=
ac_cv_env_LDFLAGS_set=
ac_cv_env_LDFLAGS_value=
ac_cv_env_build_alias_set=
ac_cv_env_build_alias_value=
ac_cv_env_host_alias_set=
ac_cv_env_host_alias_value=
ac_cv_env_target_alias_set=
ac_cv_env_target_alias_value=
ac_cv_f77_compiler_gnu=no
ac_cv_header_dlfcn_h=yes
ac_cv_header_inttypes_h=yes
ac_cv_header_memory_h=yes
ac_cv_header_stdc=no
ac_cv_header_stdint_h=yes
ac_cv_header_stdlib_h=yes
ac_cv_header_string_h=yes
ac_cv_header_strings_h=yes
ac_cv_header_sys_stat_h=yes
ac_cv_header_sys_types_h=yes
ac_cv_header_unistd_h=yes
ac_cv_host=i386-apple-darwin20.6.0
ac_cv_objext=o
ac_cv_path_EGREP='/usr/bin/grep -E'
ac_cv_path_GREP=/usr/bin/grep
ac_cv_path_install='/usr/local/bin/install -c'
ac_cv_prog_AWK=awk
ac_cv_prog_CPP='gcc -E'
ac_cv_prog_CXXCPP='g++ -E'
ac_cv_prog_ac_ct_AR=ar
ac_cv_prog_ac_ct_CC=gcc
ac_cv_prog_ac_ct_CXX=g++
ac_cv_prog_ac_ct_RANLIB=ranlib
ac_cv_prog_ac_ct_STRIP=strip
ac_cv_prog_cc_c89=
ac_cv_prog_cc_g=yes
ac_cv_prog_cxx_g=yes
ac_cv_prog_f77_g=no
ac_cv_prog_make_make_set=yes
am_cv_CC_dependencies_compiler_type=none
am_cv_CXX_dependencies_compiler_type=none
lt_cv_deplibs_check_method=pass_all
lt_cv_file_magic_cmd='$MAGIC_CMD'
lt_cv_file_magic_test_file=
lt_cv_ld_reload_flag=-r
lt_cv_objdir=.libs
lt_cv_path_LD=/Applications/Xcode.app/Contents/Developer/Toolchains/XcodeDefault.xctoolchain/usr/bin/ld
lt_cv_path_LDCXX=/Applications/Xcode.app/Contents/Developer/Toolchains/XcodeDefault.xctoolchain/usr/bin/ld
lt_cv_path_NM='/usr/local/bin/nm -B'
lt_cv_path_SED=/usr/bin/sed
lt_cv_prog_compiler_c_o=yes
lt_cv_prog_compiler_c_o_CXX=yes
lt_cv_prog_compiler_rtti_exceptions=yes
lt_cv_prog_gnu_ld=no
lt_cv_prog_gnu_ldcxx=no
lt_cv_sys_global_symbol_pipe='sed -n -e '\''s/^.*[ 	]\([ABCDGIRSTW][ABCDGIRSTW]*\)[ 	][ 	]*_\([_A-Za-z][_A-Za-z0-9]*\)$/\1 _\2 \2/p'\'''
lt_cv_sys_global_symbol_to_c_name_address='sed -n -e '\''s/^: \([^ ]*\) $/  {\"\1\", (lt_ptr) 0},/p'\'' -e '\''s/^[BCDEGRST] \([^ ]*\) \([^ ]*\)$/  {"\2", (lt_ptr) \&\2},/p'\'''
lt_cv_sys_global_symbol_to_cdecl='sed -n -e '\''s/^. .* \(.*\)$/extern int \1;/p'\'''
lt_cv_sys_max_cmd_len=786432
lt_lt_cv_prog_compiler_c_o='"yes"'
lt_lt_cv_prog_compiler_c_o_CXX='"yes"'
lt_lt_cv_sys_global_symbol_pipe='"sed -n -e '\''s/^.*[ 	]\\([ABCDGIRSTW][ABCDGIRSTW]*\\)[ 	][ 	]*_\\([_A-Za-z][_A-Za-z0-9]*\\)\$/\\1 _\\2 \\2/p'\''"'
lt_lt_cv_sys_global_symbol_to_c_name_address='"sed -n -e '\''s/^: \\([^ ]*\\) \$/  {\\\"\\1\\\", (lt_ptr) 0},/p'\'' -e '\''s/^[BCDEGRST] \\([^ ]*\\) \\([^ ]*\\)\$/  {\"\\2\", (lt_ptr) \\&\\2},/p'\''"'
lt_lt_cv_sys_global_symbol_to_cdecl='"sed -n -e '\''s/^. .* \\(.*\\)\$/extern int \\1;/p'\''"'

## ----------------- ##
## Output variables. ##
## ----------------- ##

ACLOCAL='${SHELL} /Users/Beek/local/git/gettext.16/build-aux/missing --run aclocal-1.10'
AMDEPBACKSLASH='\'
AMDEP_FALSE='#'
AMDEP_TRUE=''
AMTAR='${SHELL} /Users/Beek/local/git/gettext.16/build-aux/missing --run tar'
AR='ar'
AS='as'
AUTOCONF='${SHELL} /Users/Beek/local/git/gettext.16/build-aux/missing --run autoconf'
AUTOHEADER='${SHELL} /Users/Beek/local/git/gettext.16/build-aux/missing --run autoheader'
AUTOMAKE='${SHELL} /Users/Beek/local/git/gettext.16/build-aux/missing --run automake-1.10'
AWK='awk'
CC='gcc'
CCDEPMODE='depmode=none'
CFLAGS='-g -O2'
CPP='gcc -E'
CPPFLAGS=''
CXX='g++'
CXXCPP='g++ -E'
CXXDEPMODE='depmode=none'
CXXFLAGS='-g -O2'
CYGPATH_W='echo'
DEFS='-DPACKAGE_NAME=\"\" -DPACKAGE_TARNAME=\"\" -DPACKAGE_VERSION=\"\" -DPACKAGE_STRING=\"\" -DPACKAGE_BUGREPORT=\"\" -DPACKAGE=\"autoconf-lib-link\" -DVERSION=\"0.16\" -DHAVE_SYS_TYPES_H=1 -DHAVE_SYS_STAT_H=1 -DHAVE_STDLIB_H=1 -DHAVE_STRING_H=1 -DHAVE_MEMORY_H=1 -DHAVE_STRINGS_H=1 -DHAVE_INTTYPES_H=1 -DHAVE_STDINT_H=1 -DHAVE_UNISTD_H=1 -DHAVE_DLFCN_H=1'
DEPDIR='.deps'
DLLTOOL='dlltool'
ECHO='/bin/echo'
ECHO_C='ECHO_N=''
ECHO_T=''
EGREP='/usr/bin/grep -E'
EXEEXT=''
F77=''
FFLAGS=''
GCC='yes'
GREP='/usr/bin/grep'
INSTALL_DATA='${INSTALL} -m 644'
INSTALL_PROGRAM='${INSTALL}'
INSTALL_SCRIPT='${INSTALL}'
INSTALL_STRIP_PROGRAM='$(install_sh) -c -s'
LD='/Applications/Xcode.app/Contents/Developer/Toolchains/XcodeDefault.xctoolchain/usr/bin/ld'
LDFLAGS=''
LIBDIRSTEM='lib'
LIBOBJS=''
LIBS=''
LIBTOOL='$(SHELL) $(top_builddir)/libtool'
LN_S='ln -s'
LTLIBOBJS=''
MAKEINFO='${SHELL} /Users/Beek/local/git/gettext.16/build-aux/missing --run makeinfo'
OBJDUMP='objdump'
OBJEXT='o'
PACKAGE='autoconf-lib-link'
PACKAGE_BUGREPORT=''
PACKAGE_NAME=''
PACKAGE_STRING=''
PACKAGE_TARNAME=''
PACKAGE_VERSION=''
PATH_SEPARATOR=':'
RANLIB='ranlib'
SET_MAKE=''
SHELL='/bin/sh'
STRIP='strip'
VERSION='0.16'
ac_ct_CC='gcc'
ac_ct_CXX='g++'
ac_ct_F77=''
aclocaldir='${datadir}/aclocal'
am__fastdepCC_FALSE=''
am__fastdepCC_TRUE='#'
am__fastdepCXX_FALSE=''
am__fastdepCXX_TRUE='#'
am__include='include'
am__isrc=' -I$(srcdir)'
am__leading_dot='.'
am__quote=''
am__tar='${AMTAR} chof - "$$tardir"'
am__untar='${AMTAR} xf -'
bindir='${exec_prefix}/bin'
build='i386-apple-darwin20.6.0'
build_alias=''
build_cpu='i386'
build_os='darwin20.6.0'
build_vendor='apple'
datadir='${datarootdir}'
datarootdir='${prefix}/share'
docdir='${datarootdir}/doc/${PACKAGE}'
dvidir='${docdir}'
exec_prefix='${prefix}'
host='i386-apple-darwin20.6.0'
host_alias=''
host_cpu='i386'
host_os='darwin20.6.0'
host_vendor='apple'
htmldir='${docdir}'
includedir='/fix_macros.h'
infodir='${datarootdir}/info'
install_sh='$(SHELL) /Users/Beek/local/git/gettext.16/build-aux/install-sh'
libdir='${exec_prefix}/lib'
libexecdir='${exec_prefix}/libexec'
localedir='${datarootdir}/locale'
localstatedir='${prefix}/var'
mandir='${datarootdir}/man'
mkdir_p='$(top_builddir)/../../autoconf-lib-link/../build-aux/install-sh -c -d'
oldincludedir='/usr/include'
pdfdir='${docdir}'
prefix='/usr/local'
program_transform_name='s,x,x,'
psdir='${docdir}'
sbindir='${exec_prefix}/sbin'
sharedstatedir='${prefix}/com'
sysconfdir='${prefix}/etc'
target_alias=''
with_gnu_ld='no'

## ----------- ##
## confdefs.h. ##
## ----------- ##

#define PACKAGE_NAME ""
#define PACKAGE_TARNAME ""
#define PACKAGE_VERSION ""
#define PACKAGE_STRING ""
#define PACKAGE_BUGREPORT ""
#define PACKAGE "autoconf-lib-link"
#define VERSION "0.16"
#define HAVE_SYS_TYPES_H 1
#define HAVE_SYS_STAT_H 1
#define HAVE_STDLIB_H 1
#define HAVE_STRING_H 1
#define HAVE_MEMORY_H 1
#define HAVE_STRINGS_H 1
#define HAVE_INTTYPES_H 1
#define HAVE_STDINT_H 1
#define HAVE_UNISTD_H 1
#define HAVE_DLFCN_H 1

configure: exit 0
